<?xml version="1.0" encoding="UTF-8"?>
<coverage generated="1783657819515" clover="3.2.0">
  <project timestamp="1783657819516" name="All files">
    <metrics statements="509" coveredstatements="314" conditionals="263" coveredconditionals="80" methods="163" coveredmethods="103" elements="935" coveredelements="497" complexity="0" loc="509" ncloc="509" packages="6" files="19" classes="19"/>
    <package name="services">
      <metrics statements="45" coveredstatements="0" conditionals="20" coveredconditionals="0" methods="11" coveredmethods="0"/>
      <file name="safetySyncQueue.ts" path="E:\her_care\mobile\src\services\safetySyncQueue.ts">
        <metrics statements="45" coveredstatements="0" conditionals="20" coveredconditionals="0" methods="11" coveredmethods="0"/>
        <line num="6" count="0" type="stmt"/>
        <line num="20" count="0" type="stmt"/>
        <line num="21" count="0" type="stmt"/>
        <line num="22" count="0" type="cond" truecount="0" falsecount="2"/>
        <line num="24" count="0" type="stmt"/>
        <line num="29" count="0" type="stmt"/>
        <line num="33" count="0" type="stmt"/>
        <line num="42" count="0" type="stmt"/>
        <line num="43" count="0" type="stmt"/>
        <line num="44" count="0" type="stmt"/>
        <line num="45" count="0" type="stmt"/>
        <line num="49" count="0" type="stmt"/>
        <line num="50" count="0" type="stmt"/>
        <line num="60" count="0" type="stmt"/>
        <line num="64" count="0" type="stmt"/>
        <line num="65" count="0" type="stmt"/>
        <line num="75" count="0" type="stmt"/>
        <line num="79" count="0" type="stmt"/>
        <line num="80" count="0" type="cond" truecount="0" falsecount="2"/>
        <line num="82" count="0" type="stmt"/>
        <line num="83" count="0" type="cond" truecount="0" falsecount="2"/>
        <line num="85" count="0" type="stmt"/>
        <line num="86" count="0" type="stmt"/>
        <line num="87" count="0" type="stmt"/>
        <line num="90" count="0" type="stmt"/>
        <line num="91" count="0" type="stmt"/>
        <line num="92" count="0" type="stmt"/>
        <line num="93" count="0" type="cond" truecount="0" falsecount="2"/>
        <line num="94" count="0" type="stmt"/>
        <line num="95" count="0" type="cond" truecount="0" falsecount="4"/>
        <line num="96" count="0" type="stmt"/>
        <line num="97" count="0" type="cond" truecount="0" falsecount="4"/>
        <line num="98" count="0" type="stmt"/>
        <line num="100" count="0" type="stmt"/>
        <line num="102" count="0" type="stmt"/>
        <line num="103" count="0" type="cond" truecount="0" falsecount="2"/>
        <line num="104" count="0" type="stmt"/>
        <line num="106" count="0" type="stmt"/>
        <line num="110" count="0" type="stmt"/>
        <line num="114" count="0" type="stmt"/>
        <line num="115" count="0" type="stmt"/>
        <line num="119" count="0" type="stmt"/>
        <line num="120" count="0" type="cond" truecount="0" falsecount="2"/>
        <line num="121" count="0" type="stmt"/>
        <line num="124" count="0" type="stmt"/>
      </file>
    </package>
    <package name="services.ml">
      <metrics statements="39" coveredstatements="37" conditionals="6" coveredconditionals="6" methods="16" coveredmethods="16"/>
      <file name="heuristicScorer.ts" path="E:\her_care\mobile\src\services\ml\heuristicScorer.ts">
        <metrics statements="26" coveredstatements="26" conditionals="4" coveredconditionals="4" methods="13" coveredmethods="13"/>
        <line num="5" count="8" type="stmt"/>
        <line num="6" count="8" type="stmt"/>
        <line num="7" count="8" type="stmt"/>
        <line num="8" count="8" type="stmt"/>
        <line num="9" count="8" type="stmt"/>
        <line num="19" count="16" type="stmt"/>
        <line num="20" count="16" type="stmt"/>
        <line num="21" count="16" type="stmt"/>
        <line num="22" count="112" type="stmt"/>
        <line num="23" count="112" type="stmt"/>
        <line num="24" count="16" type="stmt"/>
        <line num="28" count="8" type="stmt"/>
        <line num="29" count="8" type="cond" truecount="2" falsecount="0"/>
        <line num="30" count="7" type="cond" truecount="2" falsecount="0"/>
        <line num="31" count="5" type="stmt"/>
        <line num="35" count="8" type="stmt"/>
        <line num="45" count="8" type="stmt"/>
        <line num="46" count="8" type="stmt"/>
        <line num="47" count="207" type="stmt"/>
        <line num="48" count="2" type="stmt"/>
        <line num="52" count="8" type="stmt"/>
        <line num="53" count="8" type="stmt"/>
        <line num="55" count="43" type="stmt"/>
        <line num="57" count="44" type="stmt"/>
        <line num="59" count="52" type="stmt"/>
        <line num="64" count="1" type="stmt"/>
      </file>
      <file name="tokenizer.ts" path="E:\her_care\mobile\src\services\ml\tokenizer.ts">
        <metrics statements="11" coveredstatements="11" conditionals="2" coveredconditionals="2" methods="3" coveredmethods="3"/>
        <line num="4" count="1" type="stmt"/>
        <line num="5" count="1" type="stmt"/>
        <line num="9" count="1" type="stmt"/>
        <line num="13" count="8" type="stmt"/>
        <line num="14" count="8" type="stmt"/>
        <line num="15" count="8" type="stmt"/>
        <line num="16" count="140" type="cond" truecount="2" falsecount="0"/>
        <line num="17" count="8" type="stmt"/>
        <line num="18" count="884" type="stmt"/>
        <line num="20" count="8" type="stmt"/>
        <line num="24" count="1" type="stmt"/>
      </file>
      <file name="wellnessTypes.ts" path="E:\her_care\mobile\src\services\ml\wellnessTypes.ts">
        <metrics statements="2" coveredstatements="0" conditionals="0" coveredconditionals="0" methods="0" coveredmethods="0"/>
        <line num="25" count="0" type="stmt"/>
        <line num="39" count="0" type="stmt"/>
      </file>
    </package>
    <package name="services.queries">
      <metrics statements="204" coveredstatements="138" conditionals="103" coveredconditionals="37" methods="94" coveredmethods="60"/>
      <file name="cycle.ts" path="E:\her_care\mobile\src\services\queries\cycle.ts">
        <metrics statements="61" coveredstatements="48" conditionals="30" coveredconditionals="16" methods="29" coveredmethods="20"/>
        <line num="9" count="1" type="stmt"/>
        <line num="18" count="0" type="stmt"/>
        <line num="20" count="0" type="stmt"/>
        <line num="25" count="6" type="stmt"/>
        <line num="26" count="6" type="stmt"/>
        <line num="27" count="6" type="stmt"/>
        <line num="28" count="3" type="stmt"/>
        <line num="30" count="1" type="stmt"/>
        <line num="33" count="2" type="cond" truecount="2" falsecount="0"/>
        <line num="34" count="1" type="stmt"/>
        <line num="35" count="1" type="stmt"/>
        <line num="44" count="1" type="stmt"/>
        <line num="45" count="1" type="stmt"/>
        <line num="46" count="1" type="cond" truecount="1" falsecount="1"/>
        <line num="47" count="0" type="cond" truecount="0" falsecount="2"/>
        <line num="48" count="0" type="stmt"/>
        <line num="51" count="1" type="cond" truecount="1" falsecount="1"/>
        <line num="58" count="6" type="stmt"/>
        <line num="59" count="6" type="stmt"/>
        <line num="60" count="6" type="stmt"/>
        <line num="62" count="3" type="stmt"/>
        <line num="64" count="1" type="stmt"/>
        <line num="67" count="2" type="cond" truecount="2" falsecount="0"/>
        <line num="68" count="1" type="stmt"/>
        <line num="76" count="1" type="stmt"/>
        <line num="77" count="1" type="stmt"/>
        <line num="78" count="1" type="cond" truecount="1" falsecount="1"/>
        <line num="79" count="0" type="cond" truecount="0" falsecount="2"/>
        <line num="82" count="1" type="cond" truecount="1" falsecount="1"/>
        <line num="89" count="0" type="stmt"/>
        <line num="91" count="0" type="stmt"/>
        <line num="96" count="0" type="stmt"/>
        <line num="98" count="0" type="stmt"/>
        <line num="103" count="0" type="stmt"/>
        <line num="105" count="0" type="stmt"/>
        <line num="110" count="6" type="stmt"/>
        <line num="111" count="6" type="stmt"/>
        <line num="112" count="6" type="stmt"/>
        <line num="118" count="3" type="stmt"/>
        <line num="120" count="1" type="stmt"/>
        <line num="121" count="1" type="stmt"/>
        <line num="122" count="1" type="stmt"/>
        <line num="125" count="2" type="cond" truecount="2" falsecount="0"/>
        <line num="126" count="1" type="stmt"/>
        <line num="134" count="1" type="stmt"/>
        <line num="135" count="1" type="stmt"/>
        <line num="136" count="1" type="cond" truecount="1" falsecount="1"/>
        <line num="137" count="0" type="stmt"/>
        <line num="140" count="1" type="cond" truecount="1" falsecount="1"/>
        <line num="147" count="6" type="stmt"/>
        <line num="148" count="6" type="stmt"/>
        <line num="149" count="6" type="stmt"/>
        <line num="151" count="3" type="stmt"/>
        <line num="153" count="1" type="stmt"/>
        <line num="156" count="2" type="cond" truecount="2" falsecount="0"/>
        <line num="157" count="1" type="stmt"/>
        <line num="165" count="1" type="stmt"/>
        <line num="166" count="1" type="stmt"/>
        <line num="167" count="1" type="cond" truecount="1" falsecount="1"/>
        <line num="168" count="0" type="stmt"/>
        <line num="171" count="1" type="cond" truecount="1" falsecount="1"/>
      </file>
      <file name="index.ts" path="E:\her_care\mobile\src\services\queries\index.ts">
        <metrics statements="0" coveredstatements="0" conditionals="0" coveredconditionals="0" methods="0" coveredmethods="0"/>
      </file>
      <file name="offlineMutationWrapper.ts" path="E:\her_care\mobile\src\services\queries\offlineMutationWrapper.ts">
        <metrics statements="11" coveredstatements="0" conditionals="8" coveredconditionals="0" methods="2" coveredmethods="0"/>
        <line num="3" count="0" type="stmt"/>
        <line num="14" count="0" type="cond" truecount="0" falsecount="2"/>
        <line num="15" count="0" type="stmt"/>
        <line num="16" count="0" type="stmt"/>
        <line num="17" count="0" type="cond" truecount="0" falsecount="2"/>
        <line num="18" count="0" type="stmt"/>
        <line num="19" count="0" type="cond" truecount="0" falsecount="4"/>
        <line num="20" count="0" type="stmt"/>
        <line num="22" count="0" type="stmt"/>
        <line num="25" count="0" type="stmt"/>
        <line num="29" count="0" type="stmt"/>
      </file>
      <file name="safety.ts" path="E:\her_care\mobile\src\services\queries\safety.ts">
        <metrics statements="78" coveredstatements="55" conditionals="34" coveredconditionals="11" methods="38" coveredmethods="25"/>
        <line num="14" count="1" type="stmt"/>
        <line num="22" count="0" type="stmt"/>
        <line num="24" count="0" type="stmt"/>
        <line num="29" count="6" type="stmt"/>
        <line num="30" count="6" type="stmt"/>
        <line num="31" count="6" type="stmt"/>
        <line num="32" count="3" type="stmt"/>
        <line num="34" count="1" type="stmt"/>
        <line num="37" count="2" type="cond" truecount="2" falsecount="0"/>
        <line num="38" count="1" type="stmt"/>
        <line num="39" count="1" type="stmt"/>
        <line num="48" count="1" type="stmt"/>
        <line num="49" count="1" type="stmt"/>
        <line num="50" count="1" type="cond" truecount="1" falsecount="1"/>
        <line num="51" count="0" type="cond" truecount="0" falsecount="2"/>
        <line num="52" count="0" type="stmt"/>
        <line num="55" count="1" type="cond" truecount="1" falsecount="1"/>
        <line num="62" count="2" type="stmt"/>
        <line num="63" count="2" type="stmt"/>
        <line num="64" count="2" type="stmt"/>
        <line num="66" count="1" type="stmt"/>
        <line num="68" count="0" type="stmt"/>
        <line num="71" count="1" type="cond" truecount="1" falsecount="1"/>
        <line num="72" count="1" type="stmt"/>
        <line num="80" count="1" type="stmt"/>
        <line num="81" count="1" type="stmt"/>
        <line num="82" count="1" type="cond" truecount="1" falsecount="1"/>
        <line num="83" count="0" type="cond" truecount="0" falsecount="2"/>
        <line num="86" count="0" type="cond" truecount="0" falsecount="2"/>
        <line num="93" count="2" type="stmt"/>
        <line num="94" count="2" type="stmt"/>
        <line num="95" count="2" type="stmt"/>
        <line num="96" count="1" type="stmt"/>
        <line num="98" count="0" type="stmt"/>
        <line num="101" count="1" type="cond" truecount="1" falsecount="1"/>
        <line num="102" count="1" type="stmt"/>
        <line num="110" count="1" type="stmt"/>
        <line num="111" count="1" type="stmt"/>
        <line num="112" count="1" type="cond" truecount="1" falsecount="1"/>
        <line num="113" count="0" type="stmt"/>
        <line num="116" count="0" type="cond" truecount="0" falsecount="2"/>
        <line num="123" count="2" type="stmt"/>
        <line num="124" count="2" type="stmt"/>
        <line num="125" count="2" type="stmt"/>
        <line num="127" count="1" type="stmt"/>
        <line num="129" count="0" type="stmt"/>
        <line num="130" count="0" type="stmt"/>
        <line num="133" count="1" type="cond" truecount="1" falsecount="1"/>
        <line num="134" count="1" type="stmt"/>
        <line num="142" count="1" type="stmt"/>
        <line num="143" count="1" type="stmt"/>
        <line num="151" count="0" type="cond" truecount="0" falsecount="2"/>
        <line num="158" count="0" type="stmt"/>
        <line num="160" count="0" type="stmt"/>
        <line num="166" count="0" type="stmt"/>
        <line num="168" count="0" type="stmt"/>
        <line num="173" count="2" type="stmt"/>
        <line num="174" count="2" type="stmt"/>
        <line num="175" count="2" type="stmt"/>
        <line num="176" count="1" type="stmt"/>
        <line num="178" count="0" type="stmt"/>
        <line num="179" count="0" type="stmt"/>
        <line num="182" count="1" type="cond" truecount="1" falsecount="1"/>
        <line num="183" count="1" type="stmt"/>
        <line num="191" count="1" type="stmt"/>
        <line num="192" count="1" type="stmt"/>
        <line num="194" count="0" type="cond" truecount="0" falsecount="2"/>
        <line num="201" count="2" type="stmt"/>
        <line num="202" count="2" type="stmt"/>
        <line num="203" count="2" type="stmt"/>
        <line num="204" count="1" type="stmt"/>
        <line num="206" count="0" type="stmt"/>
        <line num="207" count="0" type="stmt"/>
        <line num="210" count="1" type="cond" truecount="1" falsecount="1"/>
        <line num="211" count="1" type="stmt"/>
        <line num="219" count="1" type="stmt"/>
        <line num="220" count="1" type="stmt"/>
        <line num="222" count="0" type="cond" truecount="0" falsecount="2"/>
      </file>
      <file name="useNetworkAwareQuery.ts" path="E:\her_care\mobile\src\services\queries\useNetworkAwareQuery.ts">
        <metrics statements="5" coveredstatements="0" conditionals="7" coveredconditionals="0" methods="1" coveredmethods="0"/>
        <line num="19" count="0" type="stmt"/>
        <line num="20" count="0" type="stmt"/>
        <line num="22" count="0" type="stmt"/>
        <line num="23" count="0" type="cond" truecount="0" falsecount="3"/>
        <line num="25" count="0" type="stmt"/>
      </file>
      <file name="wellness.ts" path="E:\her_care\mobile\src\services\queries\wellness.ts">
        <metrics statements="49" coveredstatements="35" conditionals="24" coveredconditionals="10" methods="24" coveredmethods="15"/>
        <line num="13" count="1" type="stmt"/>
        <line num="22" count="0" type="stmt"/>
        <line num="24" count="0" type="stmt"/>
        <line num="29" count="6" type="stmt"/>
        <line num="30" count="6" type="stmt"/>
        <line num="31" count="6" type="stmt"/>
        <line num="32" count="3" type="stmt"/>
        <line num="34" count="1" type="stmt"/>
        <line num="37" count="2" type="cond" truecount="2" falsecount="0"/>
        <line num="38" count="1" type="stmt"/>
        <line num="39" count="1" type="stmt"/>
        <line num="48" count="1" type="stmt"/>
        <line num="49" count="1" type="stmt"/>
        <line num="50" count="1" type="cond" truecount="1" falsecount="1"/>
        <line num="51" count="0" type="cond" truecount="0" falsecount="2"/>
        <line num="52" count="0" type="stmt"/>
        <line num="55" count="1" type="cond" truecount="1" falsecount="1"/>
        <line num="62" count="0" type="stmt"/>
        <line num="64" count="0" type="stmt"/>
        <line num="69" count="6" type="stmt"/>
        <line num="70" count="6" type="stmt"/>
        <line num="71" count="6" type="stmt"/>
        <line num="72" count="3" type="stmt"/>
        <line num="74" count="1" type="stmt"/>
        <line num="77" count="2" type="cond" truecount="2" falsecount="0"/>
        <line num="78" count="1" type="stmt"/>
        <line num="79" count="1" type="stmt"/>
        <line num="88" count="1" type="stmt"/>
        <line num="89" count="1" type="stmt"/>
        <line num="90" count="1" type="cond" truecount="1" falsecount="1"/>
        <line num="91" count="0" type="cond" truecount="0" falsecount="2"/>
        <line num="92" count="0" type="stmt"/>
        <line num="95" count="1" type="cond" truecount="1" falsecount="1"/>
        <line num="102" count="0" type="stmt"/>
        <line num="104" count="0" type="stmt"/>
        <line num="109" count="4" type="stmt"/>
        <line num="110" count="4" type="stmt"/>
        <line num="111" count="4" type="stmt"/>
        <line num="112" count="2" type="stmt"/>
        <line num="114" count="1" type="stmt"/>
        <line num="117" count="1" type="cond" truecount="1" falsecount="1"/>
        <line num="118" count="1" type="stmt"/>
        <line num="126" count="1" type="stmt"/>
        <line num="127" count="1" type="stmt"/>
        <line num="128" count="1" type="cond" truecount="1" falsecount="1"/>
        <line num="129" count="0" type="cond" truecount="0" falsecount="2"/>
        <line num="132" count="0" type="cond" truecount="0" falsecount="2"/>
        <line num="139" count="0" type="stmt"/>
        <line num="141" count="0" type="stmt"/>
      </file>
    </package>
    <package name="services.sync">
      <metrics statements="161" coveredstatements="90" conditionals="123" coveredconditionals="32" methods="19" coveredmethods="8"/>
      <file name="index.ts" path="E:\her_care\mobile\src\services\sync\index.ts">
        <metrics statements="0" coveredstatements="0" conditionals="0" coveredconditionals="0" methods="0" coveredmethods="0"/>
      </file>
      <file name="isNetworkError.ts" path="E:\her_care\mobile\src\services\sync\isNetworkError.ts">
        <metrics statements="7" coveredstatements="7" conditionals="10" coveredconditionals="10" methods="1" coveredmethods="1"/>
        <line num="4" count="26" type="cond" truecount="2" falsecount="0"/>
        <line num="5" count="4" type="cond" truecount="2" falsecount="0"/>
        <line num="6" count="3" type="cond" truecount="2" falsecount="0"/>
        <line num="7" count="2" type="stmt"/>
        <line num="9" count="22" type="cond" truecount="4" falsecount="0"/>
        <line num="10" count="14" type="stmt"/>
        <line num="12" count="8" type="stmt"/>
      </file>
      <file name="queryKeyMapper.ts" path="E:\her_care\mobile\src\services\sync\queryKeyMapper.ts">
        <metrics statements="5" coveredstatements="1" conditionals="4" coveredconditionals="0" methods="2" coveredmethods="0"/>
        <line num="1" count="3" type="stmt"/>
        <line num="17" count="0" type="cond" truecount="0" falsecount="2"/>
        <line num="21" count="0" type="stmt"/>
        <line num="22" count="0" type="cond" truecount="0" falsecount="2"/>
        <line num="23" count="0" type="stmt"/>
      </file>
      <file name="syncEngine.ts" path="E:\her_care\mobile\src\services\sync\syncEngine.ts">
        <metrics statements="138" coveredstatements="82" conditionals="95" coveredconditionals="22" methods="11" coveredmethods="7"/>
        <line num="13" count="4" type="stmt"/>
        <line num="14" count="4" type="stmt"/>
        <line num="17" count="1" type="stmt"/>
        <line num="21" count="1" type="stmt"/>
        <line num="22" count="1" type="stmt"/>
        <line num="23" count="1" type="cond" truecount="1" falsecount="1"/>
        <line num="24" count="0" type="cond" truecount="0" falsecount="3"/>
        <line num="27" count="4" type="stmt"/>
        <line num="30" count="3" type="cond" truecount="2" falsecount="0"/>
        <line num="32" count="2" type="stmt"/>
        <line num="33" count="2" type="cond" truecount="1" falsecount="1"/>
        <line num="34" count="0" type="stmt"/>
        <line num="35" count="0" type="stmt"/>
        <line num="38" count="2" type="stmt"/>
        <line num="39" count="2" type="stmt"/>
        <line num="47" count="2" type="stmt"/>
        <line num="48" count="2" type="stmt"/>
        <line num="50" count="2" type="cond" truecount="1" falsecount="1"/>
        <line num="51" count="0" type="stmt"/>
        <line num="53" count="0" type="cond" truecount="0" falsecount="2"/>
        <line num="54" count="0" type="stmt"/>
        <line num="57" count="0" type="stmt"/>
        <line num="60" count="2" type="stmt"/>
        <line num="61" count="2" type="stmt"/>
        <line num="62" count="1" type="stmt"/>
        <line num="64" count="1" type="stmt"/>
        <line num="65" count="1" type="stmt"/>
        <line num="66" count="1" type="stmt"/>
        <line num="68" count="1" type="stmt"/>
        <line num="69" count="0" type="cond" truecount="0" falsecount="2"/>
        <line num="71" count="0" type="stmt"/>
        <line num="72" count="0" type="stmt"/>
        <line num="73" count="0" type="cond" truecount="0" falsecount="2"/>
        <line num="75" count="0" type="cond" truecount="0" falsecount="5"/>
        <line num="76" count="0" type="cond" truecount="0" falsecount="2"/>
        <line num="77" count="0" type="cond" truecount="0" falsecount="2"/>
        <line num="78" count="0" type="stmt"/>
        <line num="79" count="0" type="cond" truecount="0" falsecount="2"/>
        <line num="80" count="0" type="cond" truecount="0" falsecount="5"/>
        <line num="81" count="0" type="stmt"/>
        <line num="82" count="0" type="stmt"/>
        <line num="83" count="0" type="stmt"/>
        <line num="84" count="0" type="cond" truecount="0" falsecount="2"/>
        <line num="85" count="0" type="stmt"/>
        <line num="86" count="0" type="cond" truecount="0" falsecount="2"/>
        <line num="87" count="0" type="cond" truecount="0" falsecount="2"/>
        <line num="88" count="0" type="stmt"/>
        <line num="89" count="0" type="cond" truecount="0" falsecount="4"/>
        <line num="94" count="0" type="stmt"/>
        <line num="97" count="0" type="cond" truecount="0" falsecount="2"/>
        <line num="98" count="0" type="stmt"/>
        <line num="102" count="0" type="cond" truecount="0" falsecount="2"/>
        <line num="104" count="0" type="cond" truecount="0" falsecount="6"/>
        <line num="109" count="0" type="cond" truecount="0" falsecount="2"/>
        <line num="110" count="0" type="stmt"/>
        <line num="111" count="0" type="cond" truecount="0" falsecount="4"/>
        <line num="112" count="0" type="stmt"/>
        <line num="114" count="0" type="stmt"/>
        <line num="117" count="0" type="stmt"/>
        <line num="121" count="1" type="cond" truecount="1" falsecount="1"/>
        <line num="122" count="0" type="stmt"/>
        <line num="125" count="1" type="stmt"/>
        <line num="126" count="0" type="cond" truecount="0" falsecount="2"/>
        <line num="127" count="0" type="cond" truecount="0" falsecount="2"/>
        <line num="128" count="0" type="stmt"/>
        <line num="131" count="0" type="stmt"/>
        <line num="135" count="1" type="stmt"/>
        <line num="136" count="1" type="cond" truecount="1" falsecount="1"/>
        <line num="137" count="0" type="stmt"/>
        <line num="138" count="0" type="stmt"/>
        <line num="139" count="0" type="cond" truecount="0" falsecount="4"/>
        <line num="140" count="0" type="stmt"/>
        <line num="144" count="1" type="stmt"/>
        <line num="145" count="1" type="stmt"/>
        <line num="152" count="8" type="stmt"/>
        <line num="153" count="8" type="stmt"/>
        <line num="154" count="8" type="stmt"/>
        <line num="157" count="8" type="stmt"/>
        <line num="158" count="8" type="cond" truecount="1" falsecount="1"/>
        <line num="160" count="8" type="stmt"/>
        <line num="161" count="8" type="stmt"/>
        <line num="162" count="7" type="stmt"/>
        <line num="164" count="7" type="cond" truecount="2" falsecount="0"/>
        <line num="165" count="1" type="stmt"/>
        <line num="166" count="1" type="stmt"/>
        <line num="168" count="1" type="cond" truecount="1" falsecount="1"/>
        <line num="169" count="1" type="stmt"/>
        <line num="173" count="7" type="cond" truecount="2" falsecount="0"/>
        <line num="175" count="1" type="stmt"/>
        <line num="176" count="1" type="stmt"/>
        <line num="181" count="5" type="stmt"/>
        <line num="182" count="5" type="stmt"/>
        <line num="184" count="5" type="stmt"/>
        <line num="185" count="2" type="cond" truecount="1" falsecount="1"/>
        <line num="186" count="0" type="stmt"/>
        <line num="188" count="2" type="stmt"/>
        <line num="192" count="5" type="cond" truecount="1" falsecount="1"/>
        <line num="193" count="0" type="stmt"/>
        <line num="194" count="0" type="stmt"/>
        <line num="197" count="5" type="stmt"/>
        <line num="201" count="7" type="cond" truecount="2" falsecount="0"/>
        <line num="202" count="1" type="stmt"/>
        <line num="203" count="1" type="stmt"/>
        <line num="206" count="6" type="stmt"/>
        <line num="207" count="6" type="cond" truecount="2" falsecount="0"/>
        <line num="208" count="1" type="stmt"/>
        <line num="209" count="1" type="stmt"/>
        <line num="212" count="5" type="stmt"/>
        <line num="214" count="5" type="stmt"/>
        <line num="215" count="5" type="stmt"/>
        <line num="216" count="5" type="stmt"/>
        <line num="217" count="5" type="stmt"/>
        <line num="219" count="5" type="stmt"/>
        <line num="225" count="5" type="stmt"/>
        <line num="226" count="5" type="stmt"/>
        <line num="228" count="5" type="stmt"/>
        <line num="229" count="5" type="stmt"/>
        <line num="230" count="5" type="stmt"/>
        <line num="232" count="5" type="cond" truecount="2" falsecount="0"/>
        <line num="233" count="2" type="stmt"/>
        <line num="237" count="2" type="stmt"/>
        <line num="238" count="2" type="stmt"/>
        <line num="241" count="5" type="stmt"/>
        <line num="242" count="5" type="cond" truecount="1" falsecount="1"/>
        <line num="243" count="0" type="stmt"/>
        <line num="246" count="5" type="stmt"/>
        <line num="247" count="5" type="stmt"/>
        <line num="249" count="5" type="stmt"/>
        <line num="259" count="5" type="stmt"/>
        <line num="260" count="5" type="stmt"/>
        <line num="262" count="0" type="stmt"/>
        <line num="264" count="0" type="stmt"/>
        <line num="270" count="0" type="stmt"/>
        <line num="279" count="0" type="stmt"/>
        <line num="287" count="0" type="stmt"/>
        <line num="288" count="0" type="stmt"/>
        <line num="290" count="5" type="stmt"/>
        <line num="291" count="5" type="stmt"/>
      </file>
      <file name="types.ts" path="E:\her_care\mobile\src\services\sync\types.ts">
        <metrics statements="0" coveredstatements="0" conditionals="0" coveredconditionals="0" methods="0" coveredmethods="0"/>
      </file>
      <file name="useNetworkStatus.ts" path="E:\her_care\mobile\src\services\sync\useNetworkStatus.ts">
        <metrics statements="11" coveredstatements="0" conditionals="14" coveredconditionals="0" methods="5" coveredmethods="0"/>
        <line num="12" count="0" type="cond" truecount="0" falsecount="2"/>
        <line num="13" count="0" type="cond" truecount="0" falsecount="2"/>
        <line num="15" count="0" type="stmt"/>
        <line num="20" count="0" type="stmt"/>
        <line num="21" count="0" type="cond" truecount="0" falsecount="2"/>
        <line num="22" count="0" type="stmt"/>
        <line num="29" count="0" type="stmt"/>
        <line num="30" count="0" type="cond" truecount="0" falsecount="2"/>
        <line num="31" count="0" type="stmt"/>
        <line num="32" count="0" type="stmt"/>
        <line num="35" count="0" type="stmt"/>
      </file>
    </package>
    <package name="stores">
      <metrics statements="48" coveredstatements="39" conditionals="11" coveredconditionals="5" methods="23" coveredmethods="19"/>
      <file name="offlineStore.ts" path="E:\her_care\mobile\src\stores\offlineStore.ts">
        <metrics statements="48" coveredstatements="39" conditionals="11" coveredconditionals="5" methods="23" coveredmethods="19"/>
        <line num="6" count="6" type="stmt"/>
        <line num="26" count="59" type="stmt"/>
        <line num="27" count="59" type="stmt"/>
        <line num="29" count="0" type="stmt"/>
        <line num="33" count="6" type="stmt"/>
        <line num="38" count="1" type="stmt"/>
        <line num="39" count="1" type="stmt"/>
        <line num="40" count="1" type="cond" truecount="1" falsecount="1"/>
        <line num="41" count="1" type="stmt"/>
        <line num="44" count="0" type="stmt"/>
        <line num="46" count="1" type="stmt"/>
        <line num="51" count="28" type="stmt"/>
        <line num="52" count="28" type="stmt"/>
        <line num="59" count="28" type="stmt"/>
        <line num="60" count="28" type="stmt"/>
        <line num="61" count="28" type="stmt"/>
        <line num="62" count="28" type="stmt"/>
        <line num="69" count="28" type="stmt"/>
        <line num="73" count="1" type="cond" truecount="1" falsecount="1"/>
        <line num="74" count="1" type="stmt"/>
        <line num="75" count="1" type="stmt"/>
        <line num="79" count="1" type="stmt"/>
        <line num="80" count="2" type="cond" truecount="1" falsecount="3"/>
        <line num="81" count="1" type="stmt"/>
        <line num="82" count="1" type="stmt"/>
        <line num="86" count="3" type="stmt"/>
        <line num="87" count="1" type="stmt"/>
        <line num="88" count="1" type="stmt"/>
        <line num="92" count="7" type="stmt"/>
        <line num="93" count="12" type="cond" truecount="2" falsecount="0"/>
        <line num="95" count="7" type="stmt"/>
        <line num="96" count="7" type="stmt"/>
        <line num="99" count="6" type="stmt"/>
        <line num="102" count="1" type="stmt"/>
        <line num="103" count="1" type="stmt"/>
        <line num="104" count="1" type="stmt"/>
        <line num="105" count="1" type="stmt"/>
        <line num="106" count="1" type="stmt"/>
        <line num="116" count="0" type="stmt"/>
        <line num="117" count="0" type="stmt"/>
        <line num="118" count="0" type="stmt"/>
        <line num="119" count="0" type="stmt"/>
        <line num="122" count="7" type="stmt"/>
        <line num="125" count="20" type="stmt"/>
        <line num="126" count="20" type="stmt"/>
        <line num="130" count="0" type="stmt"/>
        <line num="131" count="0" type="stmt"/>
        <line num="132" count="0" type="stmt"/>
      </file>
    </package>
    <package name="validation">
      <metrics statements="12" coveredstatements="10" conditionals="0" coveredconditionals="0" methods="0" coveredmethods="0"/>
      <file name="auth.ts" path="E:\her_care\mobile\src\validation\auth.ts">
        <metrics statements="10" coveredstatements="10" conditionals="0" coveredconditionals="0" methods="0" coveredmethods="0"/>
        <line num="3" count="1" type="stmt"/>
        <line num="8" count="1" type="stmt"/>
        <line num="10" count="1" type="stmt"/>
        <line num="14" count="1" type="stmt"/>
        <line num="22" count="1" type="stmt"/>
        <line num="24" count="1" type="stmt"/>
        <line num="26" count="1" type="stmt"/>
        <line num="31" count="1" type="stmt"/>
        <line num="37" count="1" type="stmt"/>
        <line num="44" count="1" type="stmt"/>
      </file>
      <file name="wellness.ts" path="E:\her_care\mobile\src\validation\wellness.ts">
        <metrics statements="2" coveredstatements="0" conditionals="0" coveredconditionals="0" methods="0" coveredmethods="0"/>
        <line num="3" count="0" type="stmt"/>
        <line num="9" count="0" type="stmt"/>
      </file>
    </package>
  </project>
</coverage>
