{"E:\\her_care\\mobile\\src\\services\\safetySyncQueue.ts": {"path":"E:\\her_care\\mobile\\src\\services\\safetySyncQueue.ts","statementMap":{"0":{"start":{"line":6,"column":18},"end":{"line":6,"column":47}},"1":{"start":{"line":20,"column":2},"end":{"line":25,"column":3}},"2":{"start":{"line":21,"column":16},"end":{"line":21,"column":57}},"3":{"start":{"line":22,"column":4},"end":{"line":22,"column":38}},"4":{"start":{"line":24,"column":4},"end":{"line":24,"column":14}},"5":{"start":{"line":29,"column":2},"end":{"line":29,"column":67}},"6":{"start":{"line":33,"column":30},"end":{"line":41,"column":3}},"7":{"start":{"line":42,"column":16},"end":{"line":42,"column":32}},"8":{"start":{"line":43,"column":2},"end":{"line":43,"column":22}},"9":{"start":{"line":44,"column":2},"end":{"line":44,"column":25}},"10":{"start":{"line":45,"column":2},"end":{"line":45,"column":17}},"11":{"start":{"line":49,"column":16},"end":{"line":49,"column":32}},"12":{"start":{"line":50,"column":2},"end":{"line":59,"column":5}},"13":{"start":{"line":60,"column":2},"end":{"line":60,"column":25}},"14":{"start":{"line":64,"column":16},"end":{"line":64,"column":32}},"15":{"start":{"line":65,"column":2},"end":{"line":74,"column":5}},"16":{"start":{"line":75,"column":2},"end":{"line":75,"column":25}},"17":{"start":{"line":79,"column":16},"end":{"line":79,"column":37}},"18":{"start":{"line":80,"column":2},"end":{"line":80,"column":33}},"19":{"start":{"line":80,"column":26},"end":{"line":80,"column":33}},"20":{"start":{"line":82,"column":16},"end":{"line":82,"column":32}},"21":{"start":{"line":83,"column":2},"end":{"line":83,"column":33}},"22":{"start":{"line":83,"column":26},"end":{"line":83,"column":33}},"23":{"start":{"line":85,"column":17},"end":{"line":88,"column":4}},"24":{"start":{"line":86,"column":18},"end":{"line":86,"column":52}},"25":{"start":{"line":87,"column":4},"end":{"line":87,"column":49}},"26":{"start":{"line":90,"column":37},"end":{"line":90,"column":39}},"27":{"start":{"line":91,"column":2},"end":{"line":109,"column":3}},"28":{"start":{"line":92,"column":4},"end":{"line":108,"column":5}},"29":{"start":{"line":93,"column":6},"end":{"line":99,"column":7}},"30":{"start":{"line":94,"column":8},"end":{"line":94,"column":103}},"31":{"start":{"line":95,"column":13},"end":{"line":99,"column":7}},"32":{"start":{"line":96,"column":8},"end":{"line":96,"column":51}},"33":{"start":{"line":97,"column":13},"end":{"line":99,"column":7}},"34":{"start":{"line":98,"column":8},"end":{"line":98,"column":50}},"35":{"start":{"line":100,"column":6},"end":{"line":100,"column":78}},"36":{"start":{"line":102,"column":6},"end":{"line":102,"column":27}},"37":{"start":{"line":103,"column":6},"end":{"line":107,"column":7}},"38":{"start":{"line":104,"column":8},"end":{"line":104,"column":29}},"39":{"start":{"line":106,"column":8},"end":{"line":106,"column":107}},"40":{"start":{"line":110,"column":2},"end":{"line":110,"column":29}},"41":{"start":{"line":114,"column":16},"end":{"line":114,"column":32}},"42":{"start":{"line":115,"column":2},"end":{"line":115,"column":22}},"43":{"start":{"line":119,"column":16},"end":{"line":123,"column":4}},"44":{"start":{"line":120,"column":4},"end":{"line":122,"column":5}},"45":{"start":{"line":121,"column":6},"end":{"line":121,"column":84}},"46":{"start":{"line":121,"column":33},"end":{"line":121,"column":82}},"47":{"start":{"line":124,"column":2},"end":{"line":124,"column":15}}},"fnMap":{"0":{"name":"getQueue","decl":{"start":{"line":19,"column":15},"end":{"line":19,"column":23}},"loc":{"start":{"line":19,"column":52},"end":{"line":26,"column":1}},"line":19},"1":{"name":"saveQueue","decl":{"start":{"line":28,"column":15},"end":{"line":28,"column":24}},"loc":{"start":{"line":28,"column":64},"end":{"line":30,"column":1}},"line":28},"2":{"name":"enqueueSos","decl":{"start":{"line":32,"column":22},"end":{"line":32,"column":32}},"loc":{"start":{"line":32,"column":75},"end":{"line":46,"column":1}},"line":32},"3":{"name":"enqueueResolve","decl":{"start":{"line":48,"column":22},"end":{"line":48,"column":36}},"loc":{"start":{"line":48,"column":67},"end":{"line":61,"column":1}},"line":48},"4":{"name":"enqueueCancel","decl":{"start":{"line":63,"column":22},"end":{"line":63,"column":35}},"loc":{"start":{"line":63,"column":66},"end":{"line":76,"column":1}},"line":63},"5":{"name":"syncQueue","decl":{"start":{"line":78,"column":22},"end":{"line":78,"column":31}},"loc":{"start":{"line":78,"column":49},"end":{"line":111,"column":1}},"line":78},"6":{"name":"(anonymous_6)","decl":{"start":{"line":85,"column":28},"end":{"line":85,"column":29}},"loc":{"start":{"line":85,"column":38},"end":{"line":88,"column":3}},"line":85},"7":{"name":"getQueueSize","decl":{"start":{"line":113,"column":22},"end":{"line":113,"column":34}},"loc":{"start":{"line":113,"column":54},"end":{"line":116,"column":1}},"line":113},"8":{"name":"initSafetyQueueListener","decl":{"start":{"line":118,"column":16},"end":{"line":118,"column":39}},"loc":{"start":{"line":118,"column":54},"end":{"line":125,"column":1}},"line":118},"9":{"name":"(anonymous_9)","decl":{"start":{"line":119,"column":41},"end":{"line":119,"column":42}},"loc":{"start":{"line":119,"column":52},"end":{"line":123,"column":3}},"line":119},"10":{"name":"(anonymous_10)","decl":{"start":{"line":121,"column":24},"end":{"line":121,"column":25}},"loc":{"start":{"line":121,"column":33},"end":{"line":121,"column":82}},"line":121}},"branchMap":{"0":{"loc":{"start":{"line":22,"column":11},"end":{"line":22,"column":37}},"type":"cond-expr","locations":[{"start":{"line":22,"column":17},"end":{"line":22,"column":32}},{"start":{"line":22,"column":35},"end":{"line":22,"column":37}}],"line":22},"1":{"loc":{"start":{"line":80,"column":2},"end":{"line":80,"column":33}},"type":"if","locations":[{"start":{"line":80,"column":2},"end":{"line":80,"column":33}},{"start":{},"end":{}}],"line":80},"2":{"loc":{"start":{"line":83,"column":2},"end":{"line":83,"column":33}},"type":"if","locations":[{"start":{"line":83,"column":2},"end":{"line":83,"column":33}},{"start":{},"end":{}}],"line":83},"3":{"loc":{"start":{"line":93,"column":6},"end":{"line":99,"column":7}},"type":"if","locations":[{"start":{"line":93,"column":6},"end":{"line":99,"column":7}},{"start":{"line":95,"column":13},"end":{"line":99,"column":7}}],"line":93},"4":{"loc":{"start":{"line":95,"column":13},"end":{"line":99,"column":7}},"type":"if","locations":[{"start":{"line":95,"column":13},"end":{"line":99,"column":7}},{"start":{"line":97,"column":13},"end":{"line":99,"column":7}}],"line":95},"5":{"loc":{"start":{"line":95,"column":17},"end":{"line":95,"column":65}},"type":"binary-expr","locations":[{"start":{"line":95,"column":17},"end":{"line":95,"column":51}},{"start":{"line":95,"column":55},"end":{"line":95,"column":65}}],"line":95},"6":{"loc":{"start":{"line":97,"column":13},"end":{"line":99,"column":7}},"type":"if","locations":[{"start":{"line":97,"column":13},"end":{"line":99,"column":7}},{"start":{},"end":{}}],"line":97},"7":{"loc":{"start":{"line":97,"column":17},"end":{"line":97,"column":64}},"type":"binary-expr","locations":[{"start":{"line":97,"column":17},"end":{"line":97,"column":50}},{"start":{"line":97,"column":54},"end":{"line":97,"column":64}}],"line":97},"8":{"loc":{"start":{"line":103,"column":6},"end":{"line":107,"column":7}},"type":"if","locations":[{"start":{"line":103,"column":6},"end":{"line":107,"column":7}},{"start":{"line":105,"column":13},"end":{"line":107,"column":7}}],"line":103},"9":{"loc":{"start":{"line":120,"column":4},"end":{"line":122,"column":5}},"type":"if","locations":[{"start":{"line":120,"column":4},"end":{"line":122,"column":5}},{"start":{},"end":{}}],"line":120}},"s":{"0":0,"1":0,"2":0,"3":0,"4":0,"5":0,"6":0,"7":0,"8":0,"9":0,"10":0,"11":0,"12":0,"13":0,"14":0,"15":0,"16":0,"17":0,"18":0,"19":0,"20":0,"21":0,"22":0,"23":0,"24":0,"25":0,"26":0,"27":0,"28":0,"29":0,"30":0,"31":0,"32":0,"33":0,"34":0,"35":0,"36":0,"37":0,"38":0,"39":0,"40":0,"41":0,"42":0,"43":0,"44":0,"45":0,"46":0,"47":0},"f":{"0":0,"1":0,"2":0,"3":0,"4":0,"5":0,"6":0,"7":0,"8":0,"9":0,"10":0},"b":{"0":[0,0],"1":[0,0],"2":[0,0],"3":[0,0],"4":[0,0],"5":[0,0],"6":[0,0],"7":[0,0],"8":[0,0],"9":[0,0]}}
,"E:\\her_care\\mobile\\src\\services\\ml\\heuristicScorer.ts": {"path":"E:\\her_care\\mobile\\src\\services\\ml\\heuristicScorer.ts","statementMap":{"0":{"start":{"line":5,"column":22},"end":{"line":5,"column":50}},"1":{"start":{"line":6,"column":22},"end":{"line":6,"column":50}},"2":{"start":{"line":7,"column":21},"end":{"line":7,"column":48}},"3":{"start":{"line":8,"column":19},"end":{"line":8,"column":43}},"4":{"start":{"line":9,"column":4},"end":{"line":15,"column":6}},"5":{"start":{"line":19,"column":26},"end":{"line":19,"column":115}},"6":{"start":{"line":20,"column":26},"end":{"line":20,"column":108}},"7":{"start":{"line":21,"column":18},"end":{"line":21,"column":49}},"8":{"start":{"line":22,"column":16},"end":{"line":22,"column":69}},"9":{"start":{"line":22,"column":36},"end":{"line":22,"column":61}},"10":{"start":{"line":23,"column":16},"end":{"line":23,"column":69}},"11":{"start":{"line":23,"column":36},"end":{"line":23,"column":61}},"12":{"start":{"line":24,"column":4},"end":{"line":24,"column":87}},"13":{"start":{"line":28,"column":18},"end":{"line":28,"column":46}},"14":{"start":{"line":29,"column":4},"end":{"line":29,"column":38}},"15":{"start":{"line":29,"column":20},"end":{"line":29,"column":38}},"16":{"start":{"line":30,"column":4},"end":{"line":30,"column":38}},"17":{"start":{"line":30,"column":20},"end":{"line":30,"column":38}},"18":{"start":{"line":31,"column":4},"end":{"line":31,"column":21}},"19":{"start":{"line":35,"column":54},"end":{"line":44,"column":5}},"20":{"start":{"line":45,"column":18},"end":{"line":45,"column":36}},"21":{"start":{"line":46,"column":4},"end":{"line":48,"column":35}},"22":{"start":{"line":47,"column":33},"end":{"line":47,"column":74}},"23":{"start":{"line":47,"column":55},"end":{"line":47,"column":73}},"24":{"start":{"line":48,"column":26},"end":{"line":48,"column":33}},"25":{"start":{"line":52,"column":18},"end":{"line":52,"column":36}},"26":{"start":{"line":53,"column":4},"end":{"line":60,"column":6}},"27":{"start":{"line":55,"column":22},"end":{"line":55,"column":40}},"28":{"start":{"line":57,"column":22},"end":{"line":57,"column":40}},"29":{"start":{"line":59,"column":22},"end":{"line":59,"column":40}},"30":{"start":{"line":64,"column":31},"end":{"line":64,"column":52}}},"fnMap":{"0":{"name":"(anonymous_0)","decl":{"start":{"line":4,"column":2},"end":{"line":4,"column":3}},"loc":{"start":{"line":4,"column":42},"end":{"line":16,"column":3}},"line":4},"1":{"name":"(anonymous_1)","decl":{"start":{"line":18,"column":2},"end":{"line":18,"column":3}},"loc":{"start":{"line":18,"column":50},"end":{"line":25,"column":3}},"line":18},"2":{"name":"(anonymous_2)","decl":{"start":{"line":22,"column":29},"end":{"line":22,"column":30}},"loc":{"start":{"line":22,"column":36},"end":{"line":22,"column":61}},"line":22},"3":{"name":"(anonymous_3)","decl":{"start":{"line":23,"column":29},"end":{"line":23,"column":30}},"loc":{"start":{"line":23,"column":36},"end":{"line":23,"column":61}},"line":23},"4":{"name":"(anonymous_4)","decl":{"start":{"line":27,"column":2},"end":{"line":27,"column":3}},"loc":{"start":{"line":27,"column":79},"end":{"line":32,"column":3}},"line":27},"5":{"name":"(anonymous_5)","decl":{"start":{"line":34,"column":2},"end":{"line":34,"column":3}},"loc":{"start":{"line":34,"column":51},"end":{"line":49,"column":3}},"line":34},"6":{"name":"(anonymous_6)","decl":{"start":{"line":47,"column":14},"end":{"line":47,"column":15}},"loc":{"start":{"line":47,"column":33},"end":{"line":47,"column":74}},"line":47},"7":{"name":"(anonymous_7)","decl":{"start":{"line":47,"column":47},"end":{"line":47,"column":48}},"loc":{"start":{"line":47,"column":55},"end":{"line":47,"column":73}},"line":47},"8":{"name":"(anonymous_8)","decl":{"start":{"line":48,"column":11},"end":{"line":48,"column":12}},"loc":{"start":{"line":48,"column":26},"end":{"line":48,"column":33}},"line":48},"9":{"name":"(anonymous_9)","decl":{"start":{"line":51,"column":2},"end":{"line":51,"column":3}},"loc":{"start":{"line":51,"column":51},"end":{"line":61,"column":3}},"line":51},"10":{"name":"(anonymous_10)","decl":{"start":{"line":55,"column":14},"end":{"line":55,"column":15}},"loc":{"start":{"line":55,"column":22},"end":{"line":55,"column":40}},"line":55},"11":{"name":"(anonymous_11)","decl":{"start":{"line":57,"column":14},"end":{"line":57,"column":15}},"loc":{"start":{"line":57,"column":22},"end":{"line":57,"column":40}},"line":57},"12":{"name":"(anonymous_12)","decl":{"start":{"line":59,"column":14},"end":{"line":59,"column":15}},"loc":{"start":{"line":59,"column":22},"end":{"line":59,"column":40}},"line":59}},"branchMap":{"0":{"loc":{"start":{"line":29,"column":4},"end":{"line":29,"column":38}},"type":"if","locations":[{"start":{"line":29,"column":4},"end":{"line":29,"column":38}},{"start":{},"end":{}}],"line":29},"1":{"loc":{"start":{"line":30,"column":4},"end":{"line":30,"column":38}},"type":"if","locations":[{"start":{"line":30,"column":4},"end":{"line":30,"column":38}},{"start":{},"end":{}}],"line":30}},"s":{"0":8,"1":8,"2":8,"3":8,"4":8,"5":16,"6":16,"7":16,"8":16,"9":112,"10":16,"11":112,"12":16,"13":8,"14":8,"15":1,"16":7,"17":2,"18":5,"19":8,"20":8,"21":8,"22":64,"23":207,"24":2,"25":8,"26":8,"27":43,"28":44,"29":52,"30":1},"f":{"0":8,"1":16,"2":112,"3":112,"4":8,"5":8,"6":64,"7":207,"8":2,"9":8,"10":43,"11":44,"12":52},"b":{"0":[1,7],"1":[2,5]},"_coverageSchema":"1a1c01bbd47fc00a2c39e90264f33305004495a9","hash":"0f946e649686ec90a62e1f36fbe63d51579513e6"}
,"E:\\her_care\\mobile\\src\\services\\ml\\tokenizer.ts": {"path":"E:\\her_care\\mobile\\src\\services\\ml\\tokenizer.ts","statementMap":{"0":{"start":{"line":4,"column":31},"end":{"line":4,"column":34}},"1":{"start":{"line":5,"column":29},"end":{"line":5,"column":32}},"2":{"start":{"line":9,"column":4},"end":{"line":9,"column":48}},"3":{"start":{"line":13,"column":20},"end":{"line":13,"column":55}},"4":{"start":{"line":14,"column":19},"end":{"line":14,"column":62}},"5":{"start":{"line":15,"column":18},"end":{"line":15,"column":45}},"6":{"start":{"line":16,"column":16},"end":{"line":16,"column":69}},"7":{"start":{"line":16,"column":33},"end":{"line":16,"column":68}},"8":{"start":{"line":17,"column":4},"end":{"line":19,"column":5}},"9":{"start":{"line":18,"column":6},"end":{"line":18,"column":21}},"10":{"start":{"line":20,"column":4},"end":{"line":20,"column":15}},"11":{"start":{"line":24,"column":25},"end":{"line":24,"column":50}}},"fnMap":{"0":{"name":"(anonymous_0)","decl":{"start":{"line":8,"column":2},"end":{"line":8,"column":3}},"loc":{"start":{"line":8,"column":16},"end":{"line":10,"column":3}},"line":8},"1":{"name":"(anonymous_1)","decl":{"start":{"line":12,"column":2},"end":{"line":12,"column":3}},"loc":{"start":{"line":12,"column":33},"end":{"line":21,"column":3}},"line":12},"2":{"name":"(anonymous_2)","decl":{"start":{"line":16,"column":26},"end":{"line":16,"column":27}},"loc":{"start":{"line":16,"column":33},"end":{"line":16,"column":68}},"line":16}},"branchMap":{"0":{"loc":{"start":{"line":16,"column":33},"end":{"line":16,"column":68}},"type":"binary-expr","locations":[{"start":{"line":16,"column":33},"end":{"line":16,"column":50}},{"start":{"line":16,"column":54},"end":{"line":16,"column":68}}],"line":16}},"s":{"0":1,"1":1,"2":1,"3":8,"4":8,"5":8,"6":8,"7":140,"8":8,"9":884,"10":8,"11":1},"f":{"0":1,"1":8,"2":140},"b":{"0":[140,131]},"_coverageSchema":"1a1c01bbd47fc00a2c39e90264f33305004495a9","hash":"3007d7b2bf0959047b34fa372a242e253a2af950"}
,"E:\\her_care\\mobile\\src\\services\\ml\\wellnessTypes.ts": {"path":"E:\\her_care\\mobile\\src\\services\\ml\\wellnessTypes.ts","statementMap":{"0":{"start":{"line":25,"column":30},"end":{"line":31,"column":10}},"1":{"start":{"line":39,"column":65},"end":{"line":60,"column":10}}},"fnMap":{},"branchMap":{},"s":{"0":0,"1":0},"f":{},"b":{}}
,"E:\\her_care\\mobile\\src\\services\\queries\\cycle.ts": {"path":"E:\\her_care\\mobile\\src\\services\\queries\\cycle.ts","statementMap":{"0":{"start":{"line":9,"column":25},"end":{"line":15,"column":1}},"1":{"start":{"line":18,"column":2},"end":{"line":21,"column":5}},"2":{"start":{"line":20,"column":19},"end":{"line":20,"column":50}},"3":{"start":{"line":25,"column":13},"end":{"line":25,"column":29}},"4":{"start":{"line":26,"column":23},"end":{"line":26,"column":40}},"5":{"start":{"line":27,"column":2},"end":{"line":54,"column":5}},"6":{"start":{"line":28,"column":47},"end":{"line":28,"column":77}},"7":{"start":{"line":30,"column":6},"end":{"line":30,"column":60}},"8":{"start":{"line":33,"column":6},"end":{"line":52,"column":7}},"9":{"start":{"line":34,"column":23},"end":{"line":34,"column":35}},"10":{"start":{"line":35,"column":8},"end":{"line":43,"column":11}},"11":{"start":{"line":44,"column":8},"end":{"line":44,"column":85}},"12":{"start":{"line":45,"column":8},"end":{"line":49,"column":11}},"13":{"start":{"line":46,"column":10},"end":{"line":46,"column":72}},"14":{"start":{"line":46,"column":20},"end":{"line":46,"column":72}},"15":{"start":{"line":47,"column":10},"end":{"line":47,"column":94}},"16":{"start":{"line":47,"column":34},"end":{"line":47,"column":94}},"17":{"start":{"line":48,"column":10},"end":{"line":48,"column":21}},"18":{"start":{"line":51,"column":8},"end":{"line":51,"column":104}},"19":{"start":{"line":58,"column":13},"end":{"line":58,"column":29}},"20":{"start":{"line":59,"column":23},"end":{"line":59,"column":40}},"21":{"start":{"line":60,"column":2},"end":{"line":85,"column":5}},"22":{"start":{"line":62,"column":6},"end":{"line":62,"column":40}},"23":{"start":{"line":64,"column":6},"end":{"line":64,"column":60}},"24":{"start":{"line":67,"column":6},"end":{"line":83,"column":7}},"25":{"start":{"line":68,"column":8},"end":{"line":75,"column":11}},"26":{"start":{"line":76,"column":8},"end":{"line":76,"column":85}},"27":{"start":{"line":77,"column":8},"end":{"line":80,"column":11}},"28":{"start":{"line":78,"column":10},"end":{"line":78,"column":46}},"29":{"start":{"line":78,"column":35},"end":{"line":78,"column":46}},"30":{"start":{"line":79,"column":10},"end":{"line":79,"column":125}},"31":{"start":{"line":79,"column":40},"end":{"line":79,"column":123}},"32":{"start":{"line":82,"column":8},"end":{"line":82,"column":106}},"33":{"start":{"line":89,"column":2},"end":{"line":92,"column":5}},"34":{"start":{"line":91,"column":19},"end":{"line":91,"column":48}},"35":{"start":{"line":96,"column":2},"end":{"line":99,"column":5}},"36":{"start":{"line":98,"column":19},"end":{"line":98,"column":70}},"37":{"start":{"line":103,"column":2},"end":{"line":106,"column":5}},"38":{"start":{"line":105,"column":19},"end":{"line":105,"column":46}},"39":{"start":{"line":110,"column":13},"end":{"line":110,"column":29}},"40":{"start":{"line":111,"column":23},"end":{"line":111,"column":40}},"41":{"start":{"line":112,"column":2},"end":{"line":143,"column":5}},"42":{"start":{"line":118,"column":10},"end":{"line":118,"column":42}},"43":{"start":{"line":120,"column":6},"end":{"line":120,"column":61}},"44":{"start":{"line":121,"column":6},"end":{"line":121,"column":64}},"45":{"start":{"line":122,"column":6},"end":{"line":122,"column":60}},"46":{"start":{"line":125,"column":6},"end":{"line":141,"column":7}},"47":{"start":{"line":126,"column":8},"end":{"line":133,"column":11}},"48":{"start":{"line":134,"column":8},"end":{"line":134,"column":85}},"49":{"start":{"line":135,"column":8},"end":{"line":138,"column":11}},"50":{"start":{"line":136,"column":10},"end":{"line":136,"column":31}},"51":{"start":{"line":136,"column":20},"end":{"line":136,"column":31}},"52":{"start":{"line":137,"column":10},"end":{"line":137,"column":71}},"53":{"start":{"line":140,"column":8},"end":{"line":140,"column":115}},"54":{"start":{"line":147,"column":13},"end":{"line":147,"column":29}},"55":{"start":{"line":148,"column":23},"end":{"line":148,"column":40}},"56":{"start":{"line":149,"column":2},"end":{"line":174,"column":5}},"57":{"start":{"line":151,"column":6},"end":{"line":151,"column":57}},"58":{"start":{"line":153,"column":6},"end":{"line":153,"column":61}},"59":{"start":{"line":156,"column":6},"end":{"line":172,"column":7}},"60":{"start":{"line":157,"column":8},"end":{"line":164,"column":11}},"61":{"start":{"line":165,"column":8},"end":{"line":165,"column":85}},"62":{"start":{"line":166,"column":8},"end":{"line":169,"column":11}},"63":{"start":{"line":167,"column":10},"end":{"line":167,"column":31}},"64":{"start":{"line":167,"column":20},"end":{"line":167,"column":31}},"65":{"start":{"line":168,"column":10},"end":{"line":168,"column":67}},"66":{"start":{"line":171,"column":8},"end":{"line":171,"column":106}}},"fnMap":{"0":{"name":"useCycleEntries","decl":{"start":{"line":17,"column":16},"end":{"line":17,"column":31}},"loc":{"start":{"line":17,"column":100},"end":{"line":22,"column":1}},"line":17},"1":{"name":"(anonymous_1)","decl":{"start":{"line":20,"column":13},"end":{"line":20,"column":14}},"loc":{"start":{"line":20,"column":19},"end":{"line":20,"column":50}},"line":20},"2":{"name":"useCreateCycleEntry","decl":{"start":{"line":24,"column":16},"end":{"line":24,"column":35}},"loc":{"start":{"line":24,"column":38},"end":{"line":55,"column":1}},"line":24},"3":{"name":"(anonymous_3)","decl":{"start":{"line":28,"column":16},"end":{"line":28,"column":17}},"loc":{"start":{"line":28,"column":47},"end":{"line":28,"column":77}},"line":28},"4":{"name":"(anonymous_4)","decl":{"start":{"line":29,"column":15},"end":{"line":29,"column":16}},"loc":{"start":{"line":29,"column":21},"end":{"line":31,"column":5}},"line":29},"5":{"name":"(anonymous_5)","decl":{"start":{"line":32,"column":13},"end":{"line":32,"column":14}},"loc":{"start":{"line":32,"column":30},"end":{"line":53,"column":5}},"line":32},"6":{"name":"(anonymous_6)","decl":{"start":{"line":45,"column":43},"end":{"line":45,"column":44}},"loc":{"start":{"line":45,"column":57},"end":{"line":49,"column":9}},"line":45},"7":{"name":"useUpdateCycleEntry","decl":{"start":{"line":57,"column":16},"end":{"line":57,"column":35}},"loc":{"start":{"line":57,"column":38},"end":{"line":86,"column":1}},"line":57},"8":{"name":"(anonymous_8)","decl":{"start":{"line":61,"column":16},"end":{"line":61,"column":17}},"loc":{"start":{"line":62,"column":6},"end":{"line":62,"column":40}},"line":62},"9":{"name":"(anonymous_9)","decl":{"start":{"line":63,"column":15},"end":{"line":63,"column":16}},"loc":{"start":{"line":63,"column":21},"end":{"line":65,"column":5}},"line":63},"10":{"name":"(anonymous_10)","decl":{"start":{"line":66,"column":13},"end":{"line":66,"column":14}},"loc":{"start":{"line":66,"column":35},"end":{"line":84,"column":5}},"line":66},"11":{"name":"(anonymous_11)","decl":{"start":{"line":77,"column":43},"end":{"line":77,"column":44}},"loc":{"start":{"line":77,"column":57},"end":{"line":80,"column":9}},"line":77},"12":{"name":"(anonymous_12)","decl":{"start":{"line":79,"column":25},"end":{"line":79,"column":26}},"loc":{"start":{"line":79,"column":40},"end":{"line":79,"column":123}},"line":79},"13":{"name":"useCyclePredictions","decl":{"start":{"line":88,"column":16},"end":{"line":88,"column":35}},"loc":{"start":{"line":88,"column":38},"end":{"line":93,"column":1}},"line":88},"14":{"name":"(anonymous_14)","decl":{"start":{"line":91,"column":13},"end":{"line":91,"column":14}},"loc":{"start":{"line":91,"column":19},"end":{"line":91,"column":48}},"line":91},"15":{"name":"useCycleCalendar","decl":{"start":{"line":95,"column":16},"end":{"line":95,"column":32}},"loc":{"start":{"line":95,"column":68},"end":{"line":100,"column":1}},"line":95},"16":{"name":"(anonymous_16)","decl":{"start":{"line":98,"column":13},"end":{"line":98,"column":14}},"loc":{"start":{"line":98,"column":19},"end":{"line":98,"column":70}},"line":98},"17":{"name":"useCycleAnalytics","decl":{"start":{"line":102,"column":16},"end":{"line":102,"column":33}},"loc":{"start":{"line":102,"column":36},"end":{"line":107,"column":1}},"line":102},"18":{"name":"(anonymous_18)","decl":{"start":{"line":105,"column":13},"end":{"line":105,"column":14}},"loc":{"start":{"line":105,"column":19},"end":{"line":105,"column":46}},"line":105},"19":{"name":"useLogCorrection","decl":{"start":{"line":109,"column":16},"end":{"line":109,"column":32}},"loc":{"start":{"line":109,"column":35},"end":{"line":144,"column":1}},"line":109},"20":{"name":"(anonymous_20)","decl":{"start":{"line":113,"column":16},"end":{"line":113,"column":17}},"loc":{"start":{"line":118,"column":10},"end":{"line":118,"column":42}},"line":118},"21":{"name":"(anonymous_21)","decl":{"start":{"line":119,"column":15},"end":{"line":119,"column":16}},"loc":{"start":{"line":119,"column":21},"end":{"line":123,"column":5}},"line":119},"22":{"name":"(anonymous_22)","decl":{"start":{"line":124,"column":13},"end":{"line":124,"column":14}},"loc":{"start":{"line":124,"column":35},"end":{"line":142,"column":5}},"line":124},"23":{"name":"(anonymous_23)","decl":{"start":{"line":135,"column":44},"end":{"line":135,"column":45}},"loc":{"start":{"line":135,"column":58},"end":{"line":138,"column":9}},"line":135},"24":{"name":"useLogSnooze","decl":{"start":{"line":146,"column":16},"end":{"line":146,"column":28}},"loc":{"start":{"line":146,"column":31},"end":{"line":175,"column":1}},"line":146},"25":{"name":"(anonymous_25)","decl":{"start":{"line":150,"column":16},"end":{"line":150,"column":17}},"loc":{"start":{"line":151,"column":6},"end":{"line":151,"column":57}},"line":151},"26":{"name":"(anonymous_26)","decl":{"start":{"line":152,"column":15},"end":{"line":152,"column":16}},"loc":{"start":{"line":152,"column":21},"end":{"line":154,"column":5}},"line":152},"27":{"name":"(anonymous_27)","decl":{"start":{"line":155,"column":13},"end":{"line":155,"column":14}},"loc":{"start":{"line":155,"column":35},"end":{"line":173,"column":5}},"line":155},"28":{"name":"(anonymous_28)","decl":{"start":{"line":166,"column":44},"end":{"line":166,"column":45}},"loc":{"start":{"line":166,"column":58},"end":{"line":169,"column":9}},"line":166}},"branchMap":{"0":{"loc":{"start":{"line":33,"column":6},"end":{"line":52,"column":7}},"type":"if","locations":[{"start":{"line":33,"column":6},"end":{"line":52,"column":7}},{"start":{"line":50,"column":13},"end":{"line":52,"column":7}}],"line":33},"1":{"loc":{"start":{"line":46,"column":10},"end":{"line":46,"column":72}},"type":"if","locations":[{"start":{"line":46,"column":10},"end":{"line":46,"column":72}},{"start":{},"end":{}}],"line":46},"2":{"loc":{"start":{"line":47,"column":10},"end":{"line":47,"column":94}},"type":"if","locations":[{"start":{"line":47,"column":10},"end":{"line":47,"column":94}},{"start":{},"end":{}}],"line":47},"3":{"loc":{"start":{"line":51,"column":43},"end":{"line":51,"column":100}},"type":"cond-expr","locations":[{"start":{"line":51,"column":68},"end":{"line":51,"column":81}},{"start":{"line":51,"column":84},"end":{"line":51,"column":100}}],"line":51},"4":{"loc":{"start":{"line":67,"column":6},"end":{"line":83,"column":7}},"type":"if","locations":[{"start":{"line":67,"column":6},"end":{"line":83,"column":7}},{"start":{"line":81,"column":13},"end":{"line":83,"column":7}}],"line":67},"5":{"loc":{"start":{"line":78,"column":10},"end":{"line":78,"column":46}},"type":"if","locations":[{"start":{"line":78,"column":10},"end":{"line":78,"column":46}},{"start":{},"end":{}}],"line":78},"6":{"loc":{"start":{"line":79,"column":40},"end":{"line":79,"column":123}},"type":"cond-expr","locations":[{"start":{"line":79,"column":67},"end":{"line":79,"column":116}},{"start":{"line":79,"column":119},"end":{"line":79,"column":123}}],"line":79},"7":{"loc":{"start":{"line":82,"column":43},"end":{"line":82,"column":102}},"type":"cond-expr","locations":[{"start":{"line":82,"column":68},"end":{"line":82,"column":81}},{"start":{"line":82,"column":84},"end":{"line":82,"column":102}}],"line":82},"8":{"loc":{"start":{"line":95,"column":33},"end":{"line":95,"column":47}},"type":"default-arg","locations":[{"start":{"line":95,"column":46},"end":{"line":95,"column":47}}],"line":95},"9":{"loc":{"start":{"line":95,"column":49},"end":{"line":95,"column":66}},"type":"default-arg","locations":[{"start":{"line":95,"column":65},"end":{"line":95,"column":66}}],"line":95},"10":{"loc":{"start":{"line":125,"column":6},"end":{"line":141,"column":7}},"type":"if","locations":[{"start":{"line":125,"column":6},"end":{"line":141,"column":7}},{"start":{"line":139,"column":13},"end":{"line":141,"column":7}}],"line":125},"11":{"loc":{"start":{"line":136,"column":10},"end":{"line":136,"column":31}},"type":"if","locations":[{"start":{"line":136,"column":10},"end":{"line":136,"column":31}},{"start":{},"end":{}}],"line":136},"12":{"loc":{"start":{"line":140,"column":43},"end":{"line":140,"column":111}},"type":"cond-expr","locations":[{"start":{"line":140,"column":68},"end":{"line":140,"column":81}},{"start":{"line":140,"column":84},"end":{"line":140,"column":111}}],"line":140},"13":{"loc":{"start":{"line":156,"column":6},"end":{"line":172,"column":7}},"type":"if","locations":[{"start":{"line":156,"column":6},"end":{"line":172,"column":7}},{"start":{"line":170,"column":13},"end":{"line":172,"column":7}}],"line":156},"14":{"loc":{"start":{"line":167,"column":10},"end":{"line":167,"column":31}},"type":"if","locations":[{"start":{"line":167,"column":10},"end":{"line":167,"column":31}},{"start":{},"end":{}}],"line":167},"15":{"loc":{"start":{"line":171,"column":43},"end":{"line":171,"column":102}},"type":"cond-expr","locations":[{"start":{"line":171,"column":68},"end":{"line":171,"column":81}},{"start":{"line":171,"column":84},"end":{"line":171,"column":102}}],"line":171}},"s":{"0":1,"1":0,"2":0,"3":6,"4":6,"5":6,"6":3,"7":1,"8":2,"9":1,"10":1,"11":1,"12":1,"13":1,"14":1,"15":0,"16":0,"17":0,"18":1,"19":6,"20":6,"21":6,"22":3,"23":1,"24":2,"25":1,"26":1,"27":1,"28":1,"29":1,"30":0,"31":0,"32":1,"33":0,"34":0,"35":0,"36":0,"37":0,"38":0,"39":6,"40":6,"41":6,"42":3,"43":1,"44":1,"45":1,"46":2,"47":1,"48":1,"49":1,"50":1,"51":1,"52":0,"53":1,"54":6,"55":6,"56":6,"57":3,"58":1,"59":2,"60":1,"61":1,"62":1,"63":1,"64":1,"65":0,"66":1},"f":{"0":0,"1":0,"2":6,"3":3,"4":1,"5":2,"6":1,"7":6,"8":3,"9":1,"10":2,"11":1,"12":0,"13":0,"14":0,"15":0,"16":0,"17":0,"18":0,"19":6,"20":3,"21":1,"22":2,"23":1,"24":6,"25":3,"26":1,"27":2,"28":1},"b":{"0":[1,1],"1":[1,0],"2":[0,0],"3":[0,1],"4":[1,1],"5":[1,0],"6":[0,0],"7":[0,1],"8":[0],"9":[0],"10":[1,1],"11":[1,0],"12":[0,1],"13":[1,1],"14":[1,0],"15":[0,1]},"_coverageSchema":"1a1c01bbd47fc00a2c39e90264f33305004495a9","hash":"8bed448afb15a176cc31fc5147f0812c584576e1"}
,"E:\\her_care\\mobile\\src\\services\\queries\\index.ts": {"path":"E:\\her_care\\mobile\\src\\services\\queries\\index.ts","statementMap":{},"fnMap":{},"branchMap":{},"s":{},"f":{},"b":{}}
,"E:\\her_care\\mobile\\src\\services\\queries\\offlineMutationWrapper.ts": {"path":"E:\\her_care\\mobile\\src\\services\\queries\\offlineMutationWrapper.ts","statementMap":{"0":{"start":{"line":3,"column":25},"end":{"line":11,"column":2}},"1":{"start":{"line":14,"column":2},"end":{"line":14,"column":23}},"2":{"start":{"line":14,"column":13},"end":{"line":14,"column":23}},"3":{"start":{"line":15,"column":45},"end":{"line":15,"column":47}},"4":{"start":{"line":16,"column":2},"end":{"line":24,"column":3}},"5":{"start":{"line":17,"column":4},"end":{"line":23,"column":5}},"6":{"start":{"line":18,"column":6},"end":{"line":18,"column":36}},"7":{"start":{"line":19,"column":11},"end":{"line":23,"column":5}},"8":{"start":{"line":20,"column":6},"end":{"line":20,"column":70}},"9":{"start":{"line":22,"column":6},"end":{"line":22,"column":29}},"10":{"start":{"line":25,"column":2},"end":{"line":25,"column":19}},"11":{"start":{"line":29,"column":2},"end":{"line":37,"column":5}}},"fnMap":{"0":{"name":"sanitizeData","decl":{"start":{"line":13,"column":9},"end":{"line":13,"column":21}},"loc":{"start":{"line":13,"column":78},"end":{"line":26,"column":1}},"line":13},"1":{"name":"addOfflineBreadcrumb","decl":{"start":{"line":28,"column":16},"end":{"line":28,"column":36}},"loc":{"start":{"line":28,"column":82},"end":{"line":38,"column":1}},"line":28}},"branchMap":{"0":{"loc":{"start":{"line":14,"column":2},"end":{"line":14,"column":23}},"type":"if","locations":[{"start":{"line":14,"column":2},"end":{"line":14,"column":23}},{"start":{},"end":{}}],"line":14},"1":{"loc":{"start":{"line":17,"column":4},"end":{"line":23,"column":5}},"type":"if","locations":[{"start":{"line":17,"column":4},"end":{"line":23,"column":5}},{"start":{"line":19,"column":11},"end":{"line":23,"column":5}}],"line":17},"2":{"loc":{"start":{"line":19,"column":11},"end":{"line":23,"column":5}},"type":"if","locations":[{"start":{"line":19,"column":11},"end":{"line":23,"column":5}},{"start":{"line":21,"column":11},"end":{"line":23,"column":5}}],"line":19},"3":{"loc":{"start":{"line":19,"column":15},"end":{"line":19,"column":49}},"type":"binary-expr","locations":[{"start":{"line":19,"column":15},"end":{"line":19,"column":20}},{"start":{"line":19,"column":24},"end":{"line":19,"column":49}}],"line":19}},"s":{"0":0,"1":0,"2":0,"3":0,"4":0,"5":0,"6":0,"7":0,"8":0,"9":0,"10":0,"11":0},"f":{"0":0,"1":0},"b":{"0":[0,0],"1":[0,0],"2":[0,0],"3":[0,0]}}
,"E:\\her_care\\mobile\\src\\services\\queries\\safety.ts": {"path":"E:\\her_care\\mobile\\src\\services\\queries\\safety.ts","statementMap":{"0":{"start":{"line":14,"column":26},"end":{"line":19,"column":1}},"1":{"start":{"line":22,"column":2},"end":{"line":25,"column":5}},"2":{"start":{"line":24,"column":19},"end":{"line":24,"column":55}},"3":{"start":{"line":29,"column":13},"end":{"line":29,"column":29}},"4":{"start":{"line":30,"column":23},"end":{"line":30,"column":40}},"5":{"start":{"line":31,"column":2},"end":{"line":58,"column":5}},"6":{"start":{"line":32,"column":50},"end":{"line":32,"column":92}},"7":{"start":{"line":34,"column":6},"end":{"line":34,"column":62}},"8":{"start":{"line":37,"column":6},"end":{"line":56,"column":7}},"9":{"start":{"line":38,"column":23},"end":{"line":38,"column":35}},"10":{"start":{"line":39,"column":8},"end":{"line":47,"column":11}},"11":{"start":{"line":48,"column":8},"end":{"line":48,"column":85}},"12":{"start":{"line":49,"column":8},"end":{"line":53,"column":11}},"13":{"start":{"line":50,"column":10},"end":{"line":50,"column":72}},"14":{"start":{"line":50,"column":20},"end":{"line":50,"column":72}},"15":{"start":{"line":51,"column":10},"end":{"line":51,"column":94}},"16":{"start":{"line":51,"column":34},"end":{"line":51,"column":94}},"17":{"start":{"line":52,"column":10},"end":{"line":52,"column":21}},"18":{"start":{"line":55,"column":8},"end":{"line":55,"column":112}},"19":{"start":{"line":62,"column":13},"end":{"line":62,"column":29}},"20":{"start":{"line":63,"column":23},"end":{"line":63,"column":40}},"21":{"start":{"line":64,"column":2},"end":{"line":89,"column":5}},"22":{"start":{"line":66,"column":6},"end":{"line":66,"column":52}},"23":{"start":{"line":68,"column":6},"end":{"line":68,"column":62}},"24":{"start":{"line":71,"column":6},"end":{"line":87,"column":7}},"25":{"start":{"line":72,"column":8},"end":{"line":79,"column":11}},"26":{"start":{"line":80,"column":8},"end":{"line":80,"column":85}},"27":{"start":{"line":81,"column":8},"end":{"line":84,"column":11}},"28":{"start":{"line":82,"column":10},"end":{"line":82,"column":46}},"29":{"start":{"line":82,"column":35},"end":{"line":82,"column":46}},"30":{"start":{"line":83,"column":10},"end":{"line":83,"column":125}},"31":{"start":{"line":83,"column":40},"end":{"line":83,"column":123}},"32":{"start":{"line":86,"column":8},"end":{"line":86,"column":114}},"33":{"start":{"line":93,"column":13},"end":{"line":93,"column":29}},"34":{"start":{"line":94,"column":23},"end":{"line":94,"column":40}},"35":{"start":{"line":95,"column":2},"end":{"line":119,"column":5}},"36":{"start":{"line":96,"column":32},"end":{"line":96,"column":72}},"37":{"start":{"line":98,"column":6},"end":{"line":98,"column":62}},"38":{"start":{"line":101,"column":6},"end":{"line":117,"column":7}},"39":{"start":{"line":102,"column":8},"end":{"line":109,"column":11}},"40":{"start":{"line":110,"column":8},"end":{"line":110,"column":85}},"41":{"start":{"line":111,"column":8},"end":{"line":114,"column":11}},"42":{"start":{"line":112,"column":10},"end":{"line":112,"column":46}},"43":{"start":{"line":112,"column":35},"end":{"line":112,"column":46}},"44":{"start":{"line":113,"column":10},"end":{"line":113,"column":59}},"45":{"start":{"line":113,"column":43},"end":{"line":113,"column":57}},"46":{"start":{"line":116,"column":8},"end":{"line":116,"column":114}},"47":{"start":{"line":123,"column":13},"end":{"line":123,"column":29}},"48":{"start":{"line":124,"column":23},"end":{"line":124,"column":40}},"49":{"start":{"line":125,"column":2},"end":{"line":154,"column":5}},"50":{"start":{"line":127,"column":6},"end":{"line":127,"column":52}},"51":{"start":{"line":129,"column":6},"end":{"line":129,"column":64}},"52":{"start":{"line":130,"column":6},"end":{"line":130,"column":63}},"53":{"start":{"line":133,"column":6},"end":{"line":152,"column":7}},"54":{"start":{"line":134,"column":8},"end":{"line":141,"column":11}},"55":{"start":{"line":142,"column":8},"end":{"line":142,"column":82}},"56":{"start":{"line":143,"column":8},"end":{"line":149,"column":12}},"57":{"start":{"line":143,"column":53},"end":{"line":149,"column":9}},"58":{"start":{"line":151,"column":8},"end":{"line":151,"column":111}},"59":{"start":{"line":158,"column":2},"end":{"line":162,"column":5}},"60":{"start":{"line":160,"column":19},"end":{"line":160,"column":47}},"61":{"start":{"line":166,"column":2},"end":{"line":169,"column":5}},"62":{"start":{"line":168,"column":19},"end":{"line":168,"column":48}},"63":{"start":{"line":173,"column":13},"end":{"line":173,"column":29}},"64":{"start":{"line":174,"column":23},"end":{"line":174,"column":40}},"65":{"start":{"line":175,"column":2},"end":{"line":197,"column":5}},"66":{"start":{"line":176,"column":37},"end":{"line":176,"column":69}},"67":{"start":{"line":178,"column":6},"end":{"line":178,"column":64}},"68":{"start":{"line":179,"column":6},"end":{"line":179,"column":63}},"69":{"start":{"line":182,"column":6},"end":{"line":195,"column":7}},"70":{"start":{"line":183,"column":8},"end":{"line":190,"column":11}},"71":{"start":{"line":191,"column":8},"end":{"line":191,"column":76}},"72":{"start":{"line":192,"column":8},"end":{"line":192,"column":58}},"73":{"start":{"line":192,"column":52},"end":{"line":192,"column":56}},"74":{"start":{"line":194,"column":8},"end":{"line":194,"column":110}},"75":{"start":{"line":201,"column":13},"end":{"line":201,"column":29}},"76":{"start":{"line":202,"column":23},"end":{"line":202,"column":40}},"77":{"start":{"line":203,"column":2},"end":{"line":225,"column":5}},"78":{"start":{"line":204,"column":37},"end":{"line":204,"column":70}},"79":{"start":{"line":206,"column":6},"end":{"line":206,"column":64}},"80":{"start":{"line":207,"column":6},"end":{"line":207,"column":63}},"81":{"start":{"line":210,"column":6},"end":{"line":223,"column":7}},"82":{"start":{"line":211,"column":8},"end":{"line":218,"column":11}},"83":{"start":{"line":219,"column":8},"end":{"line":219,"column":77}},"84":{"start":{"line":220,"column":8},"end":{"line":220,"column":58}},"85":{"start":{"line":220,"column":52},"end":{"line":220,"column":56}},"86":{"start":{"line":222,"column":8},"end":{"line":222,"column":111}}},"fnMap":{"0":{"name":"useEmergencyContacts","decl":{"start":{"line":21,"column":16},"end":{"line":21,"column":36}},"loc":{"start":{"line":21,"column":39},"end":{"line":26,"column":1}},"line":21},"1":{"name":"(anonymous_1)","decl":{"start":{"line":24,"column":13},"end":{"line":24,"column":14}},"loc":{"start":{"line":24,"column":19},"end":{"line":24,"column":55}},"line":24},"2":{"name":"useCreateEmergencyContact","decl":{"start":{"line":28,"column":16},"end":{"line":28,"column":41}},"loc":{"start":{"line":28,"column":44},"end":{"line":59,"column":1}},"line":28},"3":{"name":"(anonymous_3)","decl":{"start":{"line":32,"column":16},"end":{"line":32,"column":17}},"loc":{"start":{"line":32,"column":50},"end":{"line":32,"column":92}},"line":32},"4":{"name":"(anonymous_4)","decl":{"start":{"line":33,"column":15},"end":{"line":33,"column":16}},"loc":{"start":{"line":33,"column":21},"end":{"line":35,"column":5}},"line":33},"5":{"name":"(anonymous_5)","decl":{"start":{"line":36,"column":13},"end":{"line":36,"column":14}},"loc":{"start":{"line":36,"column":30},"end":{"line":57,"column":5}},"line":36},"6":{"name":"(anonymous_6)","decl":{"start":{"line":49,"column":45},"end":{"line":49,"column":46}},"loc":{"start":{"line":49,"column":59},"end":{"line":53,"column":9}},"line":49},"7":{"name":"useUpdateEmergencyContact","decl":{"start":{"line":61,"column":16},"end":{"line":61,"column":41}},"loc":{"start":{"line":61,"column":44},"end":{"line":90,"column":1}},"line":61},"8":{"name":"(anonymous_8)","decl":{"start":{"line":65,"column":16},"end":{"line":65,"column":17}},"loc":{"start":{"line":66,"column":6},"end":{"line":66,"column":52}},"line":66},"9":{"name":"(anonymous_9)","decl":{"start":{"line":67,"column":15},"end":{"line":67,"column":16}},"loc":{"start":{"line":67,"column":21},"end":{"line":69,"column":5}},"line":67},"10":{"name":"(anonymous_10)","decl":{"start":{"line":70,"column":13},"end":{"line":70,"column":14}},"loc":{"start":{"line":70,"column":35},"end":{"line":88,"column":5}},"line":70},"11":{"name":"(anonymous_11)","decl":{"start":{"line":81,"column":45},"end":{"line":81,"column":46}},"loc":{"start":{"line":81,"column":59},"end":{"line":84,"column":9}},"line":81},"12":{"name":"(anonymous_12)","decl":{"start":{"line":83,"column":25},"end":{"line":83,"column":26}},"loc":{"start":{"line":83,"column":40},"end":{"line":83,"column":123}},"line":83},"13":{"name":"useDeleteEmergencyContact","decl":{"start":{"line":92,"column":16},"end":{"line":92,"column":41}},"loc":{"start":{"line":92,"column":44},"end":{"line":120,"column":1}},"line":92},"14":{"name":"(anonymous_14)","decl":{"start":{"line":96,"column":16},"end":{"line":96,"column":17}},"loc":{"start":{"line":96,"column":32},"end":{"line":96,"column":72}},"line":96},"15":{"name":"(anonymous_15)","decl":{"start":{"line":97,"column":15},"end":{"line":97,"column":16}},"loc":{"start":{"line":97,"column":21},"end":{"line":99,"column":5}},"line":97},"16":{"name":"(anonymous_16)","decl":{"start":{"line":100,"column":13},"end":{"line":100,"column":14}},"loc":{"start":{"line":100,"column":28},"end":{"line":118,"column":5}},"line":100},"17":{"name":"(anonymous_17)","decl":{"start":{"line":111,"column":45},"end":{"line":111,"column":46}},"loc":{"start":{"line":111,"column":59},"end":{"line":114,"column":9}},"line":111},"18":{"name":"(anonymous_18)","decl":{"start":{"line":113,"column":28},"end":{"line":113,"column":29}},"loc":{"start":{"line":113,"column":43},"end":{"line":113,"column":57}},"line":113},"19":{"name":"useTriggerSos","decl":{"start":{"line":122,"column":16},"end":{"line":122,"column":29}},"loc":{"start":{"line":122,"column":32},"end":{"line":155,"column":1}},"line":122},"20":{"name":"(anonymous_20)","decl":{"start":{"line":126,"column":16},"end":{"line":126,"column":17}},"loc":{"start":{"line":127,"column":6},"end":{"line":127,"column":52}},"line":127},"21":{"name":"(anonymous_21)","decl":{"start":{"line":128,"column":15},"end":{"line":128,"column":16}},"loc":{"start":{"line":128,"column":21},"end":{"line":131,"column":5}},"line":128},"22":{"name":"(anonymous_22)","decl":{"start":{"line":132,"column":13},"end":{"line":132,"column":14}},"loc":{"start":{"line":132,"column":35},"end":{"line":153,"column":5}},"line":132},"23":{"name":"(anonymous_23)","decl":{"start":{"line":143,"column":46},"end":{"line":143,"column":47}},"loc":{"start":{"line":143,"column":53},"end":{"line":149,"column":9}},"line":143},"24":{"name":"useActiveSos","decl":{"start":{"line":157,"column":16},"end":{"line":157,"column":28}},"loc":{"start":{"line":157,"column":31},"end":{"line":163,"column":1}},"line":157},"25":{"name":"(anonymous_25)","decl":{"start":{"line":160,"column":13},"end":{"line":160,"column":14}},"loc":{"start":{"line":160,"column":19},"end":{"line":160,"column":47}},"line":160},"26":{"name":"useSosHistory","decl":{"start":{"line":165,"column":16},"end":{"line":165,"column":29}},"loc":{"start":{"line":165,"column":32},"end":{"line":170,"column":1}},"line":165},"27":{"name":"(anonymous_27)","decl":{"start":{"line":168,"column":13},"end":{"line":168,"column":14}},"loc":{"start":{"line":168,"column":19},"end":{"line":168,"column":48}},"line":168},"28":{"name":"useCancelSos","decl":{"start":{"line":172,"column":16},"end":{"line":172,"column":28}},"loc":{"start":{"line":172,"column":31},"end":{"line":198,"column":1}},"line":172},"29":{"name":"(anonymous_29)","decl":{"start":{"line":176,"column":16},"end":{"line":176,"column":17}},"loc":{"start":{"line":176,"column":37},"end":{"line":176,"column":69}},"line":176},"30":{"name":"(anonymous_30)","decl":{"start":{"line":177,"column":15},"end":{"line":177,"column":16}},"loc":{"start":{"line":177,"column":21},"end":{"line":180,"column":5}},"line":177},"31":{"name":"(anonymous_31)","decl":{"start":{"line":181,"column":13},"end":{"line":181,"column":14}},"loc":{"start":{"line":181,"column":33},"end":{"line":196,"column":5}},"line":181},"32":{"name":"(anonymous_32)","decl":{"start":{"line":192,"column":46},"end":{"line":192,"column":47}},"loc":{"start":{"line":192,"column":52},"end":{"line":192,"column":56}},"line":192},"33":{"name":"useResolveSos","decl":{"start":{"line":200,"column":16},"end":{"line":200,"column":29}},"loc":{"start":{"line":200,"column":32},"end":{"line":226,"column":1}},"line":200},"34":{"name":"(anonymous_34)","decl":{"start":{"line":204,"column":16},"end":{"line":204,"column":17}},"loc":{"start":{"line":204,"column":37},"end":{"line":204,"column":70}},"line":204},"35":{"name":"(anonymous_35)","decl":{"start":{"line":205,"column":15},"end":{"line":205,"column":16}},"loc":{"start":{"line":205,"column":21},"end":{"line":208,"column":5}},"line":205},"36":{"name":"(anonymous_36)","decl":{"start":{"line":209,"column":13},"end":{"line":209,"column":14}},"loc":{"start":{"line":209,"column":33},"end":{"line":224,"column":5}},"line":209},"37":{"name":"(anonymous_37)","decl":{"start":{"line":220,"column":46},"end":{"line":220,"column":47}},"loc":{"start":{"line":220,"column":52},"end":{"line":220,"column":56}},"line":220}},"branchMap":{"0":{"loc":{"start":{"line":37,"column":6},"end":{"line":56,"column":7}},"type":"if","locations":[{"start":{"line":37,"column":6},"end":{"line":56,"column":7}},{"start":{"line":54,"column":13},"end":{"line":56,"column":7}}],"line":37},"1":{"loc":{"start":{"line":50,"column":10},"end":{"line":50,"column":72}},"type":"if","locations":[{"start":{"line":50,"column":10},"end":{"line":50,"column":72}},{"start":{},"end":{}}],"line":50},"2":{"loc":{"start":{"line":51,"column":10},"end":{"line":51,"column":94}},"type":"if","locations":[{"start":{"line":51,"column":10},"end":{"line":51,"column":94}},{"start":{},"end":{}}],"line":51},"3":{"loc":{"start":{"line":55,"column":43},"end":{"line":55,"column":108}},"type":"cond-expr","locations":[{"start":{"line":55,"column":68},"end":{"line":55,"column":81}},{"start":{"line":55,"column":84},"end":{"line":55,"column":108}}],"line":55},"4":{"loc":{"start":{"line":71,"column":6},"end":{"line":87,"column":7}},"type":"if","locations":[{"start":{"line":71,"column":6},"end":{"line":87,"column":7}},{"start":{"line":85,"column":13},"end":{"line":87,"column":7}}],"line":71},"5":{"loc":{"start":{"line":82,"column":10},"end":{"line":82,"column":46}},"type":"if","locations":[{"start":{"line":82,"column":10},"end":{"line":82,"column":46}},{"start":{},"end":{}}],"line":82},"6":{"loc":{"start":{"line":83,"column":40},"end":{"line":83,"column":123}},"type":"cond-expr","locations":[{"start":{"line":83,"column":67},"end":{"line":83,"column":116}},{"start":{"line":83,"column":119},"end":{"line":83,"column":123}}],"line":83},"7":{"loc":{"start":{"line":86,"column":43},"end":{"line":86,"column":110}},"type":"cond-expr","locations":[{"start":{"line":86,"column":68},"end":{"line":86,"column":81}},{"start":{"line":86,"column":84},"end":{"line":86,"column":110}}],"line":86},"8":{"loc":{"start":{"line":101,"column":6},"end":{"line":117,"column":7}},"type":"if","locations":[{"start":{"line":101,"column":6},"end":{"line":117,"column":7}},{"start":{"line":115,"column":13},"end":{"line":117,"column":7}}],"line":101},"9":{"loc":{"start":{"line":112,"column":10},"end":{"line":112,"column":46}},"type":"if","locations":[{"start":{"line":112,"column":10},"end":{"line":112,"column":46}},{"start":{},"end":{}}],"line":112},"10":{"loc":{"start":{"line":116,"column":43},"end":{"line":116,"column":110}},"type":"cond-expr","locations":[{"start":{"line":116,"column":68},"end":{"line":116,"column":81}},{"start":{"line":116,"column":84},"end":{"line":116,"column":110}}],"line":116},"11":{"loc":{"start":{"line":133,"column":6},"end":{"line":152,"column":7}},"type":"if","locations":[{"start":{"line":133,"column":6},"end":{"line":152,"column":7}},{"start":{"line":150,"column":13},"end":{"line":152,"column":7}}],"line":133},"12":{"loc":{"start":{"line":151,"column":43},"end":{"line":151,"column":107}},"type":"cond-expr","locations":[{"start":{"line":151,"column":68},"end":{"line":151,"column":81}},{"start":{"line":151,"column":84},"end":{"line":151,"column":107}}],"line":151},"13":{"loc":{"start":{"line":182,"column":6},"end":{"line":195,"column":7}},"type":"if","locations":[{"start":{"line":182,"column":6},"end":{"line":195,"column":7}},{"start":{"line":193,"column":13},"end":{"line":195,"column":7}}],"line":182},"14":{"loc":{"start":{"line":194,"column":43},"end":{"line":194,"column":106}},"type":"cond-expr","locations":[{"start":{"line":194,"column":68},"end":{"line":194,"column":81}},{"start":{"line":194,"column":84},"end":{"line":194,"column":106}}],"line":194},"15":{"loc":{"start":{"line":210,"column":6},"end":{"line":223,"column":7}},"type":"if","locations":[{"start":{"line":210,"column":6},"end":{"line":223,"column":7}},{"start":{"line":221,"column":13},"end":{"line":223,"column":7}}],"line":210},"16":{"loc":{"start":{"line":222,"column":43},"end":{"line":222,"column":107}},"type":"cond-expr","locations":[{"start":{"line":222,"column":68},"end":{"line":222,"column":81}},{"start":{"line":222,"column":84},"end":{"line":222,"column":107}}],"line":222}},"s":{"0":1,"1":0,"2":0,"3":6,"4":6,"5":6,"6":3,"7":1,"8":2,"9":1,"10":1,"11":1,"12":1,"13":1,"14":1,"15":0,"16":0,"17":0,"18":1,"19":2,"20":2,"21":2,"22":1,"23":0,"24":1,"25":1,"26":1,"27":1,"28":1,"29":1,"30":0,"31":0,"32":0,"33":2,"34":2,"35":2,"36":1,"37":0,"38":1,"39":1,"40":1,"41":1,"42":1,"43":1,"44":0,"45":0,"46":0,"47":2,"48":2,"49":2,"50":1,"51":0,"52":0,"53":1,"54":1,"55":1,"56":1,"57":1,"58":0,"59":0,"60":0,"61":0,"62":0,"63":2,"64":2,"65":2,"66":1,"67":0,"68":0,"69":1,"70":1,"71":1,"72":1,"73":1,"74":0,"75":2,"76":2,"77":2,"78":1,"79":0,"80":0,"81":1,"82":1,"83":1,"84":1,"85":1,"86":0},"f":{"0":0,"1":0,"2":6,"3":3,"4":1,"5":2,"6":1,"7":2,"8":1,"9":0,"10":1,"11":1,"12":0,"13":2,"14":1,"15":0,"16":1,"17":1,"18":0,"19":2,"20":1,"21":0,"22":1,"23":1,"24":0,"25":0,"26":0,"27":0,"28":2,"29":1,"30":0,"31":1,"32":1,"33":2,"34":1,"35":0,"36":1,"37":1},"b":{"0":[1,1],"1":[1,0],"2":[0,0],"3":[0,1],"4":[1,0],"5":[1,0],"6":[0,0],"7":[0,0],"8":[1,0],"9":[1,0],"10":[0,0],"11":[1,0],"12":[0,0],"13":[1,0],"14":[0,0],"15":[1,0],"16":[0,0]},"_coverageSchema":"1a1c01bbd47fc00a2c39e90264f33305004495a9","hash":"6d1c9f01e63f18ea2b6b3cdcdbab87f0455ad828"}
,"E:\\her_care\\mobile\\src\\services\\queries\\useNetworkAwareQuery.ts": {"path":"E:\\her_care\\mobile\\src\\services\\queries\\useNetworkAwareQuery.ts","statementMap":{"0":{"start":{"line":19,"column":26},"end":{"line":19,"column":44}},"1":{"start":{"line":20,"column":16},"end":{"line":20,"column":33}},"2":{"start":{"line":22,"column":20},"end":{"line":22,"column":32}},"3":{"start":{"line":23,"column":24},"end":{"line":23,"column":83}},"4":{"start":{"line":25,"column":2},"end":{"line":34,"column":4}}},"fnMap":{"0":{"name":"useNetworkAwareQuery","decl":{"start":{"line":16,"column":16},"end":{"line":16,"column":36}},"loc":{"start":{"line":18,"column":25},"end":{"line":35,"column":1}},"line":18}},"branchMap":{"0":{"loc":{"start":{"line":23,"column":24},"end":{"line":23,"column":83}},"type":"binary-expr","locations":[{"start":{"line":23,"column":24},"end":{"line":23,"column":34}},{"start":{"line":23,"column":38},"end":{"line":23,"column":51}},{"start":{"line":23,"column":55},"end":{"line":23,"column":83}}],"line":23},"1":{"loc":{"start":{"line":30,"column":16},"end":{"line":30,"column":90}},"type":"binary-expr","locations":[{"start":{"line":30,"column":16},"end":{"line":30,"column":28}},{"start":{"line":30,"column":33},"end":{"line":30,"column":89}}],"line":30},"2":{"loc":{"start":{"line":30,"column":33},"end":{"line":30,"column":89}},"type":"cond-expr","locations":[{"start":{"line":30,"column":61},"end":{"line":30,"column":82}},{"start":{"line":30,"column":85},"end":{"line":30,"column":89}}],"line":30}},"s":{"0":0,"1":0,"2":0,"3":0,"4":0},"f":{"0":0},"b":{"0":[0,0,0],"1":[0,0],"2":[0,0]}}
,"E:\\her_care\\mobile\\src\\services\\queries\\wellness.ts": {"path":"E:\\her_care\\mobile\\src\\services\\queries\\wellness.ts","statementMap":{"0":{"start":{"line":13,"column":28},"end":{"line":19,"column":1}},"1":{"start":{"line":22,"column":2},"end":{"line":25,"column":5}},"2":{"start":{"line":24,"column":19},"end":{"line":24,"column":84}},"3":{"start":{"line":29,"column":13},"end":{"line":29,"column":29}},"4":{"start":{"line":30,"column":23},"end":{"line":30,"column":40}},"5":{"start":{"line":31,"column":2},"end":{"line":58,"column":5}},"6":{"start":{"line":32,"column":49},"end":{"line":32,"column":96}},"7":{"start":{"line":34,"column":6},"end":{"line":34,"column":63}},"8":{"start":{"line":37,"column":6},"end":{"line":56,"column":7}},"9":{"start":{"line":38,"column":23},"end":{"line":38,"column":35}},"10":{"start":{"line":39,"column":8},"end":{"line":47,"column":11}},"11":{"start":{"line":48,"column":8},"end":{"line":48,"column":85}},"12":{"start":{"line":49,"column":8},"end":{"line":53,"column":11}},"13":{"start":{"line":50,"column":10},"end":{"line":50,"column":72}},"14":{"start":{"line":50,"column":20},"end":{"line":50,"column":72}},"15":{"start":{"line":51,"column":10},"end":{"line":51,"column":94}},"16":{"start":{"line":51,"column":34},"end":{"line":51,"column":94}},"17":{"start":{"line":52,"column":10},"end":{"line":52,"column":21}},"18":{"start":{"line":55,"column":8},"end":{"line":55,"column":104}},"19":{"start":{"line":62,"column":2},"end":{"line":65,"column":5}},"20":{"start":{"line":64,"column":19},"end":{"line":64,"column":64}},"21":{"start":{"line":69,"column":13},"end":{"line":69,"column":29}},"22":{"start":{"line":70,"column":23},"end":{"line":70,"column":40}},"23":{"start":{"line":71,"column":2},"end":{"line":98,"column":5}},"24":{"start":{"line":72,"column":44},"end":{"line":72,"column":86}},"25":{"start":{"line":74,"column":6},"end":{"line":74,"column":64}},"26":{"start":{"line":77,"column":6},"end":{"line":96,"column":7}},"27":{"start":{"line":78,"column":23},"end":{"line":78,"column":35}},"28":{"start":{"line":79,"column":8},"end":{"line":87,"column":11}},"29":{"start":{"line":88,"column":8},"end":{"line":88,"column":85}},"30":{"start":{"line":89,"column":8},"end":{"line":93,"column":11}},"31":{"start":{"line":90,"column":10},"end":{"line":90,"column":72}},"32":{"start":{"line":90,"column":20},"end":{"line":90,"column":72}},"33":{"start":{"line":91,"column":10},"end":{"line":91,"column":94}},"34":{"start":{"line":91,"column":34},"end":{"line":91,"column":94}},"35":{"start":{"line":92,"column":10},"end":{"line":92,"column":21}},"36":{"start":{"line":95,"column":8},"end":{"line":95,"column":109}},"37":{"start":{"line":102,"column":2},"end":{"line":105,"column":5}},"38":{"start":{"line":104,"column":19},"end":{"line":104,"column":58}},"39":{"start":{"line":109,"column":13},"end":{"line":109,"column":29}},"40":{"start":{"line":110,"column":23},"end":{"line":110,"column":40}},"41":{"start":{"line":111,"column":2},"end":{"line":135,"column":5}},"42":{"start":{"line":112,"column":40},"end":{"line":112,"column":92}},"43":{"start":{"line":114,"column":6},"end":{"line":114,"column":65}},"44":{"start":{"line":117,"column":6},"end":{"line":133,"column":7}},"45":{"start":{"line":118,"column":8},"end":{"line":125,"column":11}},"46":{"start":{"line":126,"column":8},"end":{"line":126,"column":85}},"47":{"start":{"line":127,"column":8},"end":{"line":130,"column":11}},"48":{"start":{"line":128,"column":10},"end":{"line":128,"column":46}},"49":{"start":{"line":128,"column":35},"end":{"line":128,"column":46}},"50":{"start":{"line":129,"column":10},"end":{"line":129,"column":121}},"51":{"start":{"line":129,"column":40},"end":{"line":129,"column":119}},"52":{"start":{"line":132,"column":8},"end":{"line":132,"column":116}},"53":{"start":{"line":139,"column":2},"end":{"line":142,"column":5}},"54":{"start":{"line":141,"column":19},"end":{"line":141,"column":48}}},"fnMap":{"0":{"name":"useJournalEntries","decl":{"start":{"line":21,"column":16},"end":{"line":21,"column":33}},"loc":{"start":{"line":21,"column":81},"end":{"line":26,"column":1}},"line":21},"1":{"name":"(anonymous_1)","decl":{"start":{"line":24,"column":13},"end":{"line":24,"column":14}},"loc":{"start":{"line":24,"column":19},"end":{"line":24,"column":84}},"line":24},"2":{"name":"useCreateJournalEntry","decl":{"start":{"line":28,"column":16},"end":{"line":28,"column":37}},"loc":{"start":{"line":28,"column":40},"end":{"line":59,"column":1}},"line":28},"3":{"name":"(anonymous_3)","decl":{"start":{"line":32,"column":16},"end":{"line":32,"column":17}},"loc":{"start":{"line":32,"column":49},"end":{"line":32,"column":96}},"line":32},"4":{"name":"(anonymous_4)","decl":{"start":{"line":33,"column":15},"end":{"line":33,"column":16}},"loc":{"start":{"line":33,"column":21},"end":{"line":35,"column":5}},"line":33},"5":{"name":"(anonymous_5)","decl":{"start":{"line":36,"column":13},"end":{"line":36,"column":14}},"loc":{"start":{"line":36,"column":30},"end":{"line":57,"column":5}},"line":36},"6":{"name":"(anonymous_6)","decl":{"start":{"line":49,"column":46},"end":{"line":49,"column":47}},"loc":{"start":{"line":49,"column":60},"end":{"line":53,"column":9}},"line":49},"7":{"name":"useMoodLogs","decl":{"start":{"line":61,"column":16},"end":{"line":61,"column":27}},"loc":{"start":{"line":61,"column":75},"end":{"line":66,"column":1}},"line":61},"8":{"name":"(anonymous_8)","decl":{"start":{"line":64,"column":13},"end":{"line":64,"column":14}},"loc":{"start":{"line":64,"column":19},"end":{"line":64,"column":64}},"line":64},"9":{"name":"useCreateMoodLog","decl":{"start":{"line":68,"column":16},"end":{"line":68,"column":32}},"loc":{"start":{"line":68,"column":35},"end":{"line":99,"column":1}},"line":68},"10":{"name":"(anonymous_10)","decl":{"start":{"line":72,"column":16},"end":{"line":72,"column":17}},"loc":{"start":{"line":72,"column":44},"end":{"line":72,"column":86}},"line":72},"11":{"name":"(anonymous_11)","decl":{"start":{"line":73,"column":15},"end":{"line":73,"column":16}},"loc":{"start":{"line":73,"column":21},"end":{"line":75,"column":5}},"line":73},"12":{"name":"(anonymous_12)","decl":{"start":{"line":76,"column":13},"end":{"line":76,"column":14}},"loc":{"start":{"line":76,"column":30},"end":{"line":97,"column":5}},"line":76},"13":{"name":"(anonymous_13)","decl":{"start":{"line":89,"column":47},"end":{"line":89,"column":48}},"loc":{"start":{"line":89,"column":61},"end":{"line":93,"column":9}},"line":89},"14":{"name":"useBreathingExercises","decl":{"start":{"line":101,"column":16},"end":{"line":101,"column":37}},"loc":{"start":{"line":101,"column":40},"end":{"line":106,"column":1}},"line":101},"15":{"name":"(anonymous_15)","decl":{"start":{"line":104,"column":13},"end":{"line":104,"column":14}},"loc":{"start":{"line":104,"column":19},"end":{"line":104,"column":58}},"line":104},"16":{"name":"useCompleteBreathingSession","decl":{"start":{"line":108,"column":16},"end":{"line":108,"column":43}},"loc":{"start":{"line":108,"column":46},"end":{"line":136,"column":1}},"line":108},"17":{"name":"(anonymous_17)","decl":{"start":{"line":112,"column":16},"end":{"line":112,"column":17}},"loc":{"start":{"line":112,"column":40},"end":{"line":112,"column":92}},"line":112},"18":{"name":"(anonymous_18)","decl":{"start":{"line":113,"column":15},"end":{"line":113,"column":16}},"loc":{"start":{"line":113,"column":21},"end":{"line":115,"column":5}},"line":113},"19":{"name":"(anonymous_19)","decl":{"start":{"line":116,"column":13},"end":{"line":116,"column":14}},"loc":{"start":{"line":116,"column":36},"end":{"line":134,"column":5}},"line":116},"20":{"name":"(anonymous_20)","decl":{"start":{"line":127,"column":48},"end":{"line":127,"column":49}},"loc":{"start":{"line":127,"column":62},"end":{"line":130,"column":9}},"line":127},"21":{"name":"(anonymous_21)","decl":{"start":{"line":129,"column":25},"end":{"line":129,"column":26}},"loc":{"start":{"line":129,"column":40},"end":{"line":129,"column":119}},"line":129},"22":{"name":"useInsights","decl":{"start":{"line":138,"column":16},"end":{"line":138,"column":27}},"loc":{"start":{"line":138,"column":30},"end":{"line":143,"column":1}},"line":138},"23":{"name":"(anonymous_23)","decl":{"start":{"line":141,"column":13},"end":{"line":141,"column":14}},"loc":{"start":{"line":141,"column":19},"end":{"line":141,"column":48}},"line":141}},"branchMap":{"0":{"loc":{"start":{"line":37,"column":6},"end":{"line":56,"column":7}},"type":"if","locations":[{"start":{"line":37,"column":6},"end":{"line":56,"column":7}},{"start":{"line":54,"column":13},"end":{"line":56,"column":7}}],"line":37},"1":{"loc":{"start":{"line":50,"column":10},"end":{"line":50,"column":72}},"type":"if","locations":[{"start":{"line":50,"column":10},"end":{"line":50,"column":72}},{"start":{},"end":{}}],"line":50},"2":{"loc":{"start":{"line":51,"column":10},"end":{"line":51,"column":94}},"type":"if","locations":[{"start":{"line":51,"column":10},"end":{"line":51,"column":94}},{"start":{},"end":{}}],"line":51},"3":{"loc":{"start":{"line":55,"column":43},"end":{"line":55,"column":100}},"type":"cond-expr","locations":[{"start":{"line":55,"column":68},"end":{"line":55,"column":81}},{"start":{"line":55,"column":84},"end":{"line":55,"column":100}}],"line":55},"4":{"loc":{"start":{"line":77,"column":6},"end":{"line":96,"column":7}},"type":"if","locations":[{"start":{"line":77,"column":6},"end":{"line":96,"column":7}},{"start":{"line":94,"column":13},"end":{"line":96,"column":7}}],"line":77},"5":{"loc":{"start":{"line":90,"column":10},"end":{"line":90,"column":72}},"type":"if","locations":[{"start":{"line":90,"column":10},"end":{"line":90,"column":72}},{"start":{},"end":{}}],"line":90},"6":{"loc":{"start":{"line":91,"column":10},"end":{"line":91,"column":94}},"type":"if","locations":[{"start":{"line":91,"column":10},"end":{"line":91,"column":94}},{"start":{},"end":{}}],"line":91},"7":{"loc":{"start":{"line":95,"column":43},"end":{"line":95,"column":105}},"type":"cond-expr","locations":[{"start":{"line":95,"column":68},"end":{"line":95,"column":81}},{"start":{"line":95,"column":84},"end":{"line":95,"column":105}}],"line":95},"8":{"loc":{"start":{"line":117,"column":6},"end":{"line":133,"column":7}},"type":"if","locations":[{"start":{"line":117,"column":6},"end":{"line":133,"column":7}},{"start":{"line":131,"column":13},"end":{"line":133,"column":7}}],"line":117},"9":{"loc":{"start":{"line":128,"column":10},"end":{"line":128,"column":46}},"type":"if","locations":[{"start":{"line":128,"column":10},"end":{"line":128,"column":46}},{"start":{},"end":{}}],"line":128},"10":{"loc":{"start":{"line":129,"column":40},"end":{"line":129,"column":119}},"type":"cond-expr","locations":[{"start":{"line":129,"column":65},"end":{"line":129,"column":112}},{"start":{"line":129,"column":115},"end":{"line":129,"column":119}}],"line":129},"11":{"loc":{"start":{"line":132,"column":43},"end":{"line":132,"column":112}},"type":"cond-expr","locations":[{"start":{"line":132,"column":68},"end":{"line":132,"column":81}},{"start":{"line":132,"column":84},"end":{"line":132,"column":112}}],"line":132}},"s":{"0":1,"1":0,"2":0,"3":6,"4":6,"5":6,"6":3,"7":1,"8":2,"9":1,"10":1,"11":1,"12":1,"13":1,"14":1,"15":0,"16":0,"17":0,"18":1,"19":0,"20":0,"21":6,"22":6,"23":6,"24":3,"25":1,"26":2,"27":1,"28":1,"29":1,"30":1,"31":1,"32":1,"33":0,"34":0,"35":0,"36":1,"37":0,"38":0,"39":4,"40":4,"41":4,"42":2,"43":1,"44":1,"45":1,"46":1,"47":1,"48":1,"49":1,"50":0,"51":0,"52":0,"53":0,"54":0},"f":{"0":0,"1":0,"2":6,"3":3,"4":1,"5":2,"6":1,"7":0,"8":0,"9":6,"10":3,"11":1,"12":2,"13":1,"14":0,"15":0,"16":4,"17":2,"18":1,"19":1,"20":1,"21":0,"22":0,"23":0},"b":{"0":[1,1],"1":[1,0],"2":[0,0],"3":[0,1],"4":[1,1],"5":[1,0],"6":[0,0],"7":[0,1],"8":[1,0],"9":[1,0],"10":[0,0],"11":[0,0]},"_coverageSchema":"1a1c01bbd47fc00a2c39e90264f33305004495a9","hash":"845987daa7e61d7bb4ac58af60bdb7dd6e046a4d"}
,"E:\\her_care\\mobile\\src\\services\\sync\\index.ts": {"path":"E:\\her_care\\mobile\\src\\services\\sync\\index.ts","statementMap":{},"fnMap":{},"branchMap":{},"s":{},"f":{},"b":{},"_coverageSchema":"1a1c01bbd47fc00a2c39e90264f33305004495a9","hash":"817ca1f80eaedb04325064d982a06beabe1a2c69"}
,"E:\\her_care\\mobile\\src\\services\\sync\\isNetworkError.ts": {"path":"E:\\her_care\\mobile\\src\\services\\sync\\isNetworkError.ts","statementMap":{"0":{"start":{"line":4,"column":2},"end":{"line":8,"column":3}},"1":{"start":{"line":5,"column":4},"end":{"line":5,"column":37}},"2":{"start":{"line":5,"column":25},"end":{"line":5,"column":37}},"3":{"start":{"line":6,"column":4},"end":{"line":6,"column":50}},"4":{"start":{"line":6,"column":38},"end":{"line":6,"column":50}},"5":{"start":{"line":7,"column":4},"end":{"line":7,"column":17}},"6":{"start":{"line":9,"column":2},"end":{"line":11,"column":3}},"7":{"start":{"line":10,"column":4},"end":{"line":10,"column":16}},"8":{"start":{"line":12,"column":2},"end":{"line":12,"column":15}}},"fnMap":{"0":{"name":"isNetworkError","decl":{"start":{"line":3,"column":16},"end":{"line":3,"column":30}},"loc":{"start":{"line":3,"column":56},"end":{"line":13,"column":1}},"line":3}},"branchMap":{"0":{"loc":{"start":{"line":4,"column":2},"end":{"line":8,"column":3}},"type":"if","locations":[{"start":{"line":4,"column":2},"end":{"line":8,"column":3}},{"start":{},"end":{}}],"line":4},"1":{"loc":{"start":{"line":5,"column":4},"end":{"line":5,"column":37}},"type":"if","locations":[{"start":{"line":5,"column":4},"end":{"line":5,"column":37}},{"start":{},"end":{}}],"line":5},"2":{"loc":{"start":{"line":6,"column":4},"end":{"line":6,"column":50}},"type":"if","locations":[{"start":{"line":6,"column":4},"end":{"line":6,"column":50}},{"start":{},"end":{}}],"line":6},"3":{"loc":{"start":{"line":9,"column":2},"end":{"line":11,"column":3}},"type":"if","locations":[{"start":{"line":9,"column":2},"end":{"line":11,"column":3}},{"start":{},"end":{}}],"line":9},"4":{"loc":{"start":{"line":9,"column":6},"end":{"line":9,"column":78}},"type":"binary-expr","locations":[{"start":{"line":9,"column":6},"end":{"line":9,"column":32}},{"start":{"line":9,"column":36},"end":{"line":9,"column":78}}],"line":9}},"s":{"0":26,"1":4,"2":1,"3":3,"4":1,"5":2,"6":22,"7":14,"8":8},"f":{"0":26},"b":{"0":[4,22],"1":[1,3],"2":[1,2],"3":[14,8],"4":[22,14]},"_coverageSchema":"1a1c01bbd47fc00a2c39e90264f33305004495a9","hash":"bd642b1cb12365af4bf8d7156a225569b8827f86"}
,"E:\\her_care\\mobile\\src\\services\\sync\\queryKeyMapper.ts": {"path":"E:\\her_care\\mobile\\src\\services\\sync\\queryKeyMapper.ts","statementMap":{"0":{"start":{"line":1,"column":52},"end":{"line":14,"column":1}},"1":{"start":{"line":17,"column":2},"end":{"line":17,"column":39}},"2":{"start":{"line":21,"column":15},"end":{"line":21,"column":38}},"3":{"start":{"line":22,"column":2},"end":{"line":22,"column":23}},"4":{"start":{"line":22,"column":13},"end":{"line":22,"column":23}},"5":{"start":{"line":23,"column":2},"end":{"line":23,"column":29}}},"fnMap":{"0":{"name":"inferBaseQueryKey","decl":{"start":{"line":16,"column":16},"end":{"line":16,"column":33}},"loc":{"start":{"line":16,"column":58},"end":{"line":18,"column":1}},"line":16},"1":{"name":"inferQueryKey","decl":{"start":{"line":20,"column":16},"end":{"line":20,"column":29}},"loc":{"start":{"line":20,"column":72},"end":{"line":24,"column":1}},"line":20}},"branchMap":{"0":{"loc":{"start":{"line":17,"column":9},"end":{"line":17,"column":38}},"type":"binary-expr","locations":[{"start":{"line":17,"column":9},"end":{"line":17,"column":32}},{"start":{"line":17,"column":36},"end":{"line":17,"column":38}}],"line":17},"1":{"loc":{"start":{"line":22,"column":2},"end":{"line":22,"column":23}},"type":"if","locations":[{"start":{"line":22,"column":2},"end":{"line":22,"column":23}},{"start":{},"end":{}}],"line":22}},"s":{"0":3,"1":0,"2":0,"3":0,"4":0,"5":0},"f":{"0":0,"1":0},"b":{"0":[0,0],"1":[0,0]},"_coverageSchema":"1a1c01bbd47fc00a2c39e90264f33305004495a9","hash":"c3197cbeac363ff2726bc1662e91469dd5bfbf42"}
,"E:\\her_care\\mobile\\src\\services\\sync\\syncEngine.ts": {"path":"E:\\her_care\\mobile\\src\\services\\sync\\syncEngine.ts","statementMap":{"0":{"start":{"line":13,"column":24},"end":{"line":13,"column":28}},"1":{"start":{"line":14,"column":17},"end":{"line":14,"column":22}},"2":{"start":{"line":17,"column":2},"end":{"line":17,"column":20}},"3":{"start":{"line":21,"column":19},"end":{"line":21,"column":38}},"4":{"start":{"line":22,"column":17},"end":{"line":22,"column":43}},"5":{"start":{"line":23,"column":2},"end":{"line":23,"column":27}},"6":{"start":{"line":23,"column":15},"end":{"line":23,"column":27}},"7":{"start":{"line":24,"column":2},"end":{"line":24,"column":59}},"8":{"start":{"line":27,"column":23},"end":{"line":27,"column":25}},"9":{"start":{"line":30,"column":2},"end":{"line":30,"column":31}},"10":{"start":{"line":30,"column":24},"end":{"line":30,"column":31}},"11":{"start":{"line":32,"column":15},"end":{"line":32,"column":43}},"12":{"start":{"line":33,"column":2},"end":{"line":36,"column":3}},"13":{"start":{"line":34,"column":4},"end":{"line":34,"column":45}},"14":{"start":{"line":35,"column":4},"end":{"line":35,"column":11}},"15":{"start":{"line":38,"column":16},"end":{"line":38,"column":42}},"16":{"start":{"line":39,"column":21},"end":{"line":45,"column":5}},"17":{"start":{"line":39,"column":36},"end":{"line":45,"column":3}},"18":{"start":{"line":47,"column":38},"end":{"line":47,"column":40}},"19":{"start":{"line":48,"column":18},"end":{"line":48,"column":32}},"20":{"start":{"line":50,"column":2},"end":{"line":58,"column":3}},"21":{"start":{"line":51,"column":4},"end":{"line":56,"column":6}},"22":{"start":{"line":53,"column":21},"end":{"line":53,"column":75}},"23":{"start":{"line":54,"column":8},"end":{"line":54,"column":38}},"24":{"start":{"line":57,"column":4},"end":{"line":57,"column":71}},"25":{"start":{"line":60,"column":2},"end":{"line":148,"column":3}},"26":{"start":{"line":61,"column":21},"end":{"line":61,"column":86}},"27":{"start":{"line":62,"column":20},"end":{"line":62,"column":41}},"28":{"start":{"line":64,"column":32},"end":{"line":64,"column":34}},"29":{"start":{"line":65,"column":42},"end":{"line":65,"column":44}},"30":{"start":{"line":66,"column":20},"end":{"line":66,"column":25}},"31":{"start":{"line":68,"column":4},"end":{"line":119,"column":5}},"32":{"start":{"line":68,"column":17},"end":{"line":68,"column":18}},"33":{"start":{"line":69,"column":6},"end":{"line":69,"column":27}},"34":{"start":{"line":69,"column":21},"end":{"line":69,"column":27}},"35":{"start":{"line":71,"column":21},"end":{"line":71,"column":31}},"36":{"start":{"line":72,"column":17},"end":{"line":72,"column":23}},"37":{"start":{"line":73,"column":6},"end":{"line":73,"column":24}},"38":{"start":{"line":73,"column":15},"end":{"line":73,"column":24}},"39":{"start":{"line":75,"column":6},"end":{"line":118,"column":7}},"40":{"start":{"line":76,"column":8},"end":{"line":76,"column":43}},"41":{"start":{"line":77,"column":13},"end":{"line":118,"column":7}},"42":{"start":{"line":78,"column":8},"end":{"line":78,"column":70}},"43":{"start":{"line":79,"column":8},"end":{"line":79,"column":43}},"44":{"start":{"line":80,"column":8},"end":{"line":100,"column":9}},"45":{"start":{"line":81,"column":55},"end":{"line":81,"column":82}},"46":{"start":{"line":82,"column":23},"end":{"line":82,"column":63}},"47":{"start":{"line":83,"column":26},"end":{"line":83,"column":52}},"48":{"start":{"line":84,"column":10},"end":{"line":96,"column":11}},"49":{"start":{"line":85,"column":12},"end":{"line":95,"column":15}},"50":{"start":{"line":86,"column":14},"end":{"line":86,"column":35}},"51":{"start":{"line":86,"column":24},"end":{"line":86,"column":35}},"52":{"start":{"line":87,"column":14},"end":{"line":93,"column":15}},"53":{"start":{"line":88,"column":16},"end":{"line":92,"column":18}},"54":{"start":{"line":89,"column":18},"end":{"line":91,"column":26}},"55":{"start":{"line":94,"column":14},"end":{"line":94,"column":25}},"56":{"start":{"line":97,"column":10},"end":{"line":99,"column":11}},"57":{"start":{"line":98,"column":12},"end":{"line":98,"column":66}},"58":{"start":{"line":102,"column":8},"end":{"line":116,"column":9}},"59":{"start":{"line":104,"column":12},"end":{"line":106,"column":82}},"60":{"start":{"line":109,"column":10},"end":{"line":115,"column":11}},"61":{"start":{"line":110,"column":12},"end":{"line":110,"column":33}},"62":{"start":{"line":111,"column":12},"end":{"line":113,"column":13}},"63":{"start":{"line":112,"column":14},"end":{"line":112,"column":47}},"64":{"start":{"line":114,"column":12},"end":{"line":114,"column":21}},"65":{"start":{"line":117,"column":8},"end":{"line":117,"column":27}},"66":{"start":{"line":121,"column":4},"end":{"line":123,"column":5}},"67":{"start":{"line":122,"column":6},"end":{"line":122,"column":34}},"68":{"start":{"line":125,"column":4},"end":{"line":133,"column":5}},"69":{"start":{"line":126,"column":6},"end":{"line":132,"column":7}},"70":{"start":{"line":127,"column":8},"end":{"line":129,"column":9}},"71":{"start":{"line":128,"column":10},"end":{"line":128,"column":49}},"72":{"start":{"line":131,"column":8},"end":{"line":131,"column":42}},"73":{"start":{"line":135,"column":4},"end":{"line":135,"column":44}},"74":{"start":{"line":136,"column":4},"end":{"line":147,"column":5}},"75":{"start":{"line":137,"column":6},"end":{"line":142,"column":7}},"76":{"start":{"line":138,"column":8},"end":{"line":138,"column":29}},"77":{"start":{"line":139,"column":8},"end":{"line":141,"column":9}},"78":{"start":{"line":140,"column":10},"end":{"line":140,"column":43}},"79":{"start":{"line":144,"column":6},"end":{"line":146,"column":7}},"80":{"start":{"line":145,"column":8},"end":{"line":145,"column":36}},"81":{"start":{"line":152,"column":29},"end":{"line":152,"column":33}},"82":{"start":{"line":153,"column":2},"end":{"line":155,"column":12}},"83":{"start":{"line":154,"column":4},"end":{"line":154,"column":68}},"84":{"start":{"line":157,"column":41},"end":{"line":157,"column":43}},"85":{"start":{"line":158,"column":2},"end":{"line":158,"column":34}},"86":{"start":{"line":158,"column":13},"end":{"line":158,"column":34}},"87":{"start":{"line":160,"column":2},"end":{"line":177,"column":3}},"88":{"start":{"line":161,"column":21},"end":{"line":161,"column":84}},"89":{"start":{"line":162,"column":24},"end":{"line":162,"column":37}},"90":{"start":{"line":164,"column":4},"end":{"line":171,"column":5}},"91":{"start":{"line":165,"column":27},"end":{"line":165,"column":65}},"92":{"start":{"line":166,"column":6},"end":{"line":166,"column":76}},"93":{"start":{"line":168,"column":6},"end":{"line":170,"column":7}},"94":{"start":{"line":169,"column":8},"end":{"line":169,"column":41}},"95":{"start":{"line":173,"column":4},"end":{"line":173,"column":78}},"96":{"start":{"line":175,"column":4},"end":{"line":175,"column":43}},"97":{"start":{"line":176,"column":4},"end":{"line":176,"column":16}},"98":{"start":{"line":181,"column":30},"end":{"line":181,"column":32}},"99":{"start":{"line":182,"column":40},"end":{"line":182,"column":42}},"100":{"start":{"line":184,"column":2},"end":{"line":190,"column":3}},"101":{"start":{"line":185,"column":4},"end":{"line":189,"column":5}},"102":{"start":{"line":186,"column":6},"end":{"line":186,"column":28}},"103":{"start":{"line":188,"column":6},"end":{"line":188,"column":25}},"104":{"start":{"line":192,"column":2},"end":{"line":195,"column":3}},"105":{"start":{"line":193,"column":18},"end":{"line":193,"column":44}},"106":{"start":{"line":194,"column":4},"end":{"line":194,"column":33}},"107":{"start":{"line":197,"column":2},"end":{"line":197,"column":19}},"108":{"start":{"line":201,"column":2},"end":{"line":204,"column":3}},"109":{"start":{"line":202,"column":4},"end":{"line":202,"column":54}},"110":{"start":{"line":203,"column":4},"end":{"line":203,"column":11}},"111":{"start":{"line":206,"column":15},"end":{"line":206,"column":43}},"112":{"start":{"line":207,"column":2},"end":{"line":210,"column":3}},"113":{"start":{"line":208,"column":4},"end":{"line":208,"column":46}},"114":{"start":{"line":209,"column":4},"end":{"line":209,"column":11}},"115":{"start":{"line":212,"column":2},"end":{"line":212,"column":43}},"116":{"start":{"line":214,"column":2},"end":{"line":214,"column":20}},"117":{"start":{"line":215,"column":20},"end":{"line":215,"column":30}},"118":{"start":{"line":216,"column":16},"end":{"line":216,"column":42}},"119":{"start":{"line":217,"column":26},"end":{"line":217,"column":49}},"120":{"start":{"line":219,"column":2},"end":{"line":223,"column":5}},"121":{"start":{"line":225,"column":18},"end":{"line":225,"column":19}},"122":{"start":{"line":226,"column":18},"end":{"line":226,"column":19}},"123":{"start":{"line":228,"column":2},"end":{"line":292,"column":3}},"124":{"start":{"line":229,"column":20},"end":{"line":229,"column":48}},"125":{"start":{"line":230,"column":26},"end":{"line":230,"column":50}},"126":{"start":{"line":232,"column":4},"end":{"line":239,"column":5}},"127":{"start":{"line":233,"column":6},"end":{"line":236,"column":9}},"128":{"start":{"line":237,"column":6},"end":{"line":237,"column":42}},"129":{"start":{"line":238,"column":6},"end":{"line":238,"column":39}},"130":{"start":{"line":241,"column":28},"end":{"line":241,"column":50}},"131":{"start":{"line":242,"column":4},"end":{"line":244,"column":5}},"132":{"start":{"line":243,"column":6},"end":{"line":243,"column":20}},"133":{"start":{"line":246,"column":27},"end":{"line":246,"column":50}},"134":{"start":{"line":247,"column":21},"end":{"line":247,"column":43}},"135":{"start":{"line":249,"column":4},"end":{"line":257,"column":7}},"136":{"start":{"line":259,"column":20},"end":{"line":259,"column":50}},"137":{"start":{"line":260,"column":4},"end":{"line":260,"column":82}},"138":{"start":{"line":262,"column":21},"end":{"line":262,"column":43}},"139":{"start":{"line":264,"column":4},"end":{"line":277,"column":7}},"140":{"start":{"line":270,"column":61},"end":{"line":275,"column":9}},"141":{"start":{"line":279,"column":4},"end":{"line":285,"column":7}},"142":{"start":{"line":287,"column":20},"end":{"line":287,"column":50}},"143":{"start":{"line":288,"column":4},"end":{"line":288,"column":90}},"144":{"start":{"line":290,"column":4},"end":{"line":290,"column":46}},"145":{"start":{"line":291,"column":4},"end":{"line":291,"column":23}}},"fnMap":{"0":{"name":"setQueryClient","decl":{"start":{"line":16,"column":16},"end":{"line":16,"column":30}},"loc":{"start":{"line":16,"column":46},"end":{"line":18,"column":1}},"line":16},"1":{"name":"isRetryableError","decl":{"start":{"line":20,"column":9},"end":{"line":20,"column":25}},"loc":{"start":{"line":20,"column":51},"end":{"line":25,"column":1}},"line":20},"2":{"name":"pushOperations","decl":{"start":{"line":29,"column":22},"end"
[...]
71,"column":5}},{"start":{},"end":{}}],"line":164},"34":{"loc":{"start":{"line":168,"column":6},"end":{"line":170,"column":7}},"type":"if","locations":[{"start":{"line":168,"column":6},"end":{"line":170,"column":7}},{"start":{},"end":{}}],"line":168},"35":{"loc":{"start":{"line":173,"column":11},"end":{"line":173,"column":77}},"type":"cond-expr","locations":[{"start":{"line":173,"column":32},"end":{"line":173,"column":70}},{"start":{"line":173,"column":73},"end":{"line":173,"column":77}}],"line":173},"36":{"loc":{"start":{"line":185,"column":4},"end":{"line":189,"column":5}},"type":"if","locations":[{"start":{"line":185,"column":4},"end":{"line":189,"column":5}},{"start":{"line":187,"column":11},"end":{"line":189,"column":5}}],"line":185},"37":{"loc":{"start":{"line":192,"column":2},"end":{"line":195,"column":3}},"type":"if","locations":[{"start":{"line":192,"column":2},"end":{"line":195,"column":3}},{"start":{},"end":{}}],"line":192},"38":{"loc":{"start":{"line":201,"column":2},"end":{"line":204,"column":3}},"type":"if","locations":[{"start":{"line":201,"column":2},"end":{"line":204,"column":3}},{"start":{},"end":{}}],"line":201},"39":{"loc":{"start":{"line":207,"column":2},"end":{"line":210,"column":3}},"type":"if","locations":[{"start":{"line":207,"column":2},"end":{"line":210,"column":3}},{"start":{},"end":{}}],"line":207},"40":{"loc":{"start":{"line":232,"column":4},"end":{"line":239,"column":5}},"type":"if","locations":[{"start":{"line":232,"column":4},"end":{"line":239,"column":5}},{"start":{},"end":{}}],"line":232},"41":{"loc":{"start":{"line":242,"column":4},"end":{"line":244,"column":5}},"type":"if","locations":[{"start":{"line":242,"column":4},"end":{"line":244,"column":5}},{"start":{},"end":{}}],"line":242},"42":{"loc":{"start":{"line":266,"column":20},"end":{"line":266,"column":51}},"type":"cond-expr","locations":[{"start":{"line":266,"column":36},"end":{"line":266,"column":42}},{"start":{"line":266,"column":45},"end":{"line":266,"column":51}}],"line":266},"43":{"loc":{"start":{"line":283,"column":13},"end":{"line":283,"column":67}},"type":"cond-expr","locations":[{"start":{"line":283,"column":38},"end":{"line":283,"column":51}},{"start":{"line":283,"column":54},"end":{"line":283,"column":67}}],"line":283}},"s":{"0":4,"1":4,"2":1,"3":1,"4":1,"5":1,"6":1,"7":0,"8":4,"9":3,"10":1,"11":2,"12":2,"13":0,"14":0,"15":2,"16":2,"17":2,"18":2,"19":2,"20":2,"21":0,"22":0,"23":0,"24":0,"25":2,"26":2,"27":1,"28":1,"29":1,"30":1,"31":1,"32":1,"33":0,"34":0,"35":0,"36":0,"37":0,"38":0,"39":0,"40":0,"41":0,"42":0,"43":0,"44":0,"45":0,"46":0,"47":0,"48":0,"49":0,"50":0,"51":0,"52":0,"53":0,"54":0,"55":0,"56":0,"57":0,"58":0,"59":0,"60":0,"61":0,"62":0,"63":0,"64":0,"65":0,"66":1,"67":0,"68":1,"69":0,"70":0,"71":0,"72":0,"73":1,"74":1,"75":0,"76":0,"77":0,"78":0,"79":1,"80":1,"81":8,"82":8,"83":8,"84":8,"85":8,"86":0,"87":8,"88":8,"89":7,"90":7,"91":1,"92":1,"93":1,"94":1,"95":7,"96":1,"97":1,"98":5,"99":5,"100":5,"101":2,"102":0,"103":2,"104":5,"105":0,"106":0,"107":5,"108":7,"109":1,"110":1,"111":6,"112":6,"113":1,"114":1,"115":5,"116":5,"117":5,"118":5,"119":5,"120":5,"121":5,"122":5,"123":5,"124":5,"125":5,"126":5,"127":2,"128":2,"129":2,"130":5,"131":5,"132":0,"133":5,"134":5,"135":5,"136":5,"137":5,"138":0,"139":0,"140":0,"141":0,"142":0,"143":0,"144":5,"145":5},"f":{"0":1,"1":1,"2":3,"3":2,"4":0,"5":0,"6":0,"7":8,"8":5,"9":7,"10":0},"b":{"0":[1,0],"1":[0,0,0],"2":[1,2],"3":[0,2],"4":[0,2],"5":[0,0],"6":[0,0],"7":[0,0],"8":[0,0],"9":[0,0,0],"10":[0,0],"11":[0,0],"12":[0,0],"13":[0,0],"14":[0,0,0],"15":[0,0],"16":[0,0],"17":[0,0],"18":[0,0],"19":[0,0],"20":[0,0],"21":[0,0],"22":[0,0,0,0,0,0],"23":[0,0],"24":[0,0],"25":[0,0],"26":[0,1],"27":[0,0],"28":[0,0],"29":[0,1],"30":[0,0],"31":[0,0],"32":[0,8],"33":[1,6],"34":[1,0],"35":[1,6],"36":[0,2],"37":[0,5],"38":[1,6],"39":[1,5],"40":[2,3],"41":[0,5],"42":[0,0],"43":[0,0]},"_coverageSchema":"1a1c01bbd47fc00a2c39e90264f33305004495a9","hash":"067c623cb3a615637e8ad9b085f6370550c72fb2"}
,"E:\\her_care\\mobile\\src\\services\\sync\\types.ts": {"path":"E:\\her_care\\mobile\\src\\services\\sync\\types.ts","statementMap":{},"fnMap":{},"branchMap":{},"s":{},"f":{},"b":{},"_coverageSchema":"1a1c01bbd47fc00a2c39e90264f33305004495a9","hash":"b6dedb0998f1a505896c646ae14b80bb921db285"}
,"E:\\her_care\\mobile\\src\\services\\sync\\useNetworkStatus.ts": {"path":"E:\\her_care\\mobile\\src\\services\\sync\\useNetworkStatus.ts","statementMap":{"0":{"start":{"line":12,"column":21},"end":{"line":12,"column":79}},"1":{"start":{"line":13,"column":24},"end":{"line":13,"column":94}},"2":{"start":{"line":15,"column":30},"end":{"line":18,"column":5}},"3":{"start":{"line":15,"column":61},"end":{"line":18,"column":3}},"4":{"start":{"line":20,"column":23},"end":{"line":27,"column":21}},"5":{"start":{"line":21,"column":4},"end":{"line":26,"column":5}},"6":{"start":{"line":22,"column":6},"end":{"line":25,"column":9}},"7":{"start":{"line":29,"column":2},"end":{"line":33,"column":36}},"8":{"start":{"line":30,"column":4},"end":{"line":30,"column":30}},"9":{"start":{"line":30,"column":23},"end":{"line":30,"column":30}},"10":{"start":{"line":31,"column":18},"end":{"line":31,"column":56}},"11":{"start":{"line":32,"column":4},"end":{"line":32,"column":25}},"12":{"start":{"line":32,"column":17},"end":{"line":32,"column":24}},"13":{"start":{"line":35,"column":2},"end":{"line":35,"column":16}}},"fnMap":{"0":{"name":"useNetworkStatus","decl":{"start":{"line":9,"column":16},"end":{"line":9,"column":32}},"loc":{"start":{"line":9,"column":50},"end":{"line":36,"column":1}},"line":9},"1":{"name":"(anonymous_1)","decl":{"start":{"line":15,"column":54},"end":{"line":15,"column":55}},"loc":{"start":{"line":15,"column":61},"end":{"line":18,"column":3}},"line":15},"2":{"name":"(anonymous_2)","decl":{"start":{"line":20,"column":35},"end":{"line":20,"column":36}},"loc":{"start":{"line":20,"column":60},"end":{"line":27,"column":3}},"line":20},"3":{"name":"(anonymous_3)","decl":{"start":{"line":29,"column":12},"end":{"line":29,"column":13}},"loc":{"start":{"line":29,"column":18},"end":{"line":33,"column":3}},"line":29},"4":{"name":"(anonymous_4)","decl":{"start":{"line":32,"column":11},"end":{"line":32,"column":12}},"loc":{"start":{"line":32,"column":17},"end":{"line":32,"column":24}},"line":32}},"branchMap":{"0":{"loc":{"start":{"line":12,"column":21},"end":{"line":12,"column":79}},"type":"binary-expr","locations":[{"start":{"line":12,"column":21},"end":{"line":12,"column":28}},{"start":{"line":12,"column":32},"end":{"line":12,"column":79}}],"line":12},"1":{"loc":{"start":{"line":13,"column":24},"end":{"line":13,"column":94}},"type":"binary-expr","locations":[{"start":{"line":13,"column":24},"end":{"line":13,"column":31}},{"start":{"line":13,"column":35},"end":{"line":13,"column":94}}],"line":13},"2":{"loc":{"start":{"line":16,"column":17},"end":{"line":16,"column":51}},"type":"cond-expr","locations":[{"start":{"line":16,"column":33},"end":{"line":16,"column":44}},{"start":{"line":16,"column":47},"end":{"line":16,"column":51}}],"line":16},"3":{"loc":{"start":{"line":17,"column":20},"end":{"line":17,"column":53}},"type":"cond-expr","locations":[{"start":{"line":17,"column":36},"end":{"line":17,"column":46}},{"start":{"line":17,"column":49},"end":{"line":17,"column":53}}],"line":17},"4":{"loc":{"start":{"line":21,"column":4},"end":{"line":26,"column":5}},"type":"if","locations":[{"start":{"line":21,"column":4},"end":{"line":26,"column":5}},{"start":{},"end":{}}],"line":21},"5":{"loc":{"start":{"line":23,"column":21},"end":{"line":23,"column":47}},"type":"binary-expr","locations":[{"start":{"line":23,"column":21},"end":{"line":23,"column":38}},{"start":{"line":23,"column":42},"end":{"line":23,"column":47}}],"line":23},"6":{"loc":{"start":{"line":30,"column":4},"end":{"line":30,"column":30}},"type":"if","locations":[{"start":{"line":30,"column":4},"end":{"line":30,"column":30}},{"start":{},"end":{}}],"line":30}},"s":{"0":0,"1":0,"2":0,"3":0,"4":0,"5":0,"6":0,"7":0,"8":0,"9":0,"10":0,"11":0,"12":0,"13":0},"f":{"0":0,"1":0,"2":0,"3":0,"4":0},"b":{"0":[0,0],"1":[0,0],"2":[0,0],"3":[0,0],"4":[0,0],"5":[0,0],"6":[0,0]},"_coverageSchema":"1a1c01bbd47fc00a2c39e90264f33305004495a9","hash":"eb0d08b66b27176fdc76f5a5191c64bbae7ef2d3"}
,"E:\\her_care\\mobile\\src\\stores\\offlineStore.ts": {"path":"E:\\her_care\\mobile\\src\\stores\\offlineStore.ts","statementMap":{"0":{"start":{"line":6,"column":18},"end":{"line":6,"column":41}},"1":{"start":{"line":26,"column":2},"end":{"line":30,"column":3}},"2":{"start":{"line":27,"column":4},"end":{"line":27,"column":67}},"3":{"start":{"line":29,"column":4},"end":{"line":29,"column":53}},"4":{"start":{"line":33,"column":31},"end":{"line":134,"column":3}},"5":{"start":{"line":33,"column":67},"end":{"line":134,"column":1}},"6":{"start":{"line":38,"column":4},"end":{"line":47,"column":5}},"7":{"start":{"line":39,"column":18},"end":{"line":39,"column":59}},"8":{"start":{"line":40,"column":6},"end":{"line":42,"column":7}},"9":{"start":{"line":41,"column":8},"end":{"line":41,"column":67}},"10":{"start":{"line":44,"column":6},"end":{"line":44,"column":55}},"11":{"start":{"line":46,"column":6},"end":{"line":46,"column":32}},"12":{"start":{"line":51,"column":15},"end":{"line":51,"column":27}},"13":{"start":{"line":52,"column":36},"end":{"line":58,"column":5}},"14":{"start":{"line":59,"column":16},"end":{"line":59,"column":44}},"15":{"start":{"line":60,"column":4},"end":{"line":60,"column":29}},"16":{"start":{"line":61,"column":4},"end":{"line":61,"column":23}},"17":{"start":{"line":62,"column":4},"end":{"line":68,"column":7}},"18":{"start":{"line":69,"column":4},"end":{"line":69,"column":14}},"19":{"start":{"line":73,"column":16},"end":{"line":73,"column":76}},"20":{"start":{"line":73,"column":45},"end":{"line":73,"column":75}},"21":{"start":{"line":74,"column":4},"end":{"line":74,"column":29}},"22":{"start":{"line":75,"column":4},"end":{"line":75,"column":23}},"23":{"start":{"line":79,"column":18},"end":{"line":79,"column":30}},"24":{"start":{"line":80,"column":16},"end":{"line":80,"column":100}},"25":{"start":{"line":80,"column":45},"end":{"line":80,"column":99}},"26":{"start":{"line":81,"column":4},"end":{"line":81,"column":29}},"27":{"start":{"line":82,"column":4},"end":{"line":82,"column":23}},"28":{"start":{"line":86,"column":16},"end":{"line":86,"column":65}},"29":{"start":{"line":86,"column":45},"end":{"line":86,"column":64}},"30":{"start":{"line":87,"column":4},"end":{"line":87,"column":29}},"31":{"start":{"line":88,"column":4},"end":{"line":88,"column":23}},"32":{"start":{"line":92,"column":16},"end":{"line":94,"column":5}},"33":{"start":{"line":93,"column":6},"end":{"line":93,"column":62}},"34":{"start":{"line":95,"column":4},"end":{"line":95,"column":29}},"35":{"start":{"line":96,"column":4},"end":{"line":96,"column":23}},"36":{"start":{"line":99,"column":30},"end":{"line":99,"column":87}},"37":{"start":{"line":99,"column":59},"end":{"line":99,"column":86}},"38":{"start":{"line":102,"column":15},"end":{"line":102,"column":54}},"39":{"start":{"line":102,"column":42},"end":{"line":102,"column":53}},"40":{"start":{"line":103,"column":16},"end":{"line":103,"column":57}},"41":{"start":{"line":103,"column":45},"end":{"line":103,"column":56}},"42":{"start":{"line":104,"column":4},"end":{"line":104,"column":29}},"43":{"start":{"line":105,"column":4},"end":{"line":105,"column":23}},"44":{"start":{"line":106,"column":4},"end":{"line":112,"column":7}},"45":{"start":{"line":116,"column":18},"end":{"line":116,"column":30}},"46":{"start":{"line":117,"column":16},"end":{"line":117,"column":62}},"47":{"start":{"line":117,"column":45},"end":{"line":117,"column":61}},"48":{"start":{"line":118,"column":4},"end":{"line":118,"column":29}},"49":{"start":{"line":119,"column":4},"end":{"line":119,"column":23}},"50":{"start":{"line":122,"column":14},"end":{"line":122,"column":37}},"51":{"start":{"line":125,"column":4},"end":{"line":125,"column":28}},"52":{"start":{"line":126,"column":4},"end":{"line":126,"column":22}},"53":{"start":{"line":130,"column":16},"end":{"line":130,"column":71}},"54":{"start":{"line":130,"column":45},"end":{"line":130,"column":70}},"55":{"start":{"line":131,"column":4},"end":{"line":131,"column":29}},"56":{"start":{"line":132,"column":4},"end":{"line":132,"column":23}}},"fnMap":{"0":{"name":"persist","decl":{"start":{"line":25,"column":15},"end":{"line":25,"column":22}},"loc":{"start":{"line":25,"column":63},"end":{"line":31,"column":1}},"line":25},"1":{"name":"(anonymous_1)","decl":{"start":{"line":33,"column":52},"end":{"line":33,"column":53}},"loc":{"start":{"line":33,"column":67},"end":{"line":134,"column":1}},"line":33},"2":{"name":"(anonymous_2)","decl":{"start":{"line":37,"column":11},"end":{"line":37,"column":12}},"loc":{"start":{"line":37,"column":23},"end":{"line":48,"column":3}},"line":37},"3":{"name":"(anonymous_3)","decl":{"start":{"line":50,"column":11},"end":{"line":50,"column":12}},"loc":{"start":{"line":50,"column":25},"end":{"line":70,"column":3}},"line":50},"4":{"name":"(anonymous_4)","decl":{"start":{"line":72,"column":10},"end":{"line":72,"column":11}},"loc":{"start":{"line":72,"column":24},"end":{"line":76,"column":3}},"line":72},"5":{"name":"(anonymous_5)","decl":{"start":{"line":73,"column":40},"end":{"line":73,"column":41}},"loc":{"start":{"line":73,"column":45},"end":{"line":73,"column":75}},"line":73},"6":{"name":"(anonymous_6)","decl":{"start":{"line":78,"column":14},"end":{"line":78,"column":15}},"loc":{"start":{"line":78,"column":29},"end":{"line":83,"column":3}},"line":78},"7":{"name":"(anonymous_7)","decl":{"start":{"line":80,"column":40},"end":{"line":80,"column":41}},"loc":{"start":{"line":80,"column":45},"end":{"line":80,"column":99}},"line":80},"8":{"name":"(anonymous_8)","decl":{"start":{"line":85,"column":19},"end":{"line":85,"column":20}},"loc":{"start":{"line":85,"column":37},"end":{"line":89,"column":3}},"line":85},"9":{"name":"(anonymous_9)","decl":{"start":{"line":86,"column":40},"end":{"line":86,"column":41}},"loc":{"start":{"line":86,"column":45},"end":{"line":86,"column":64}},"line":86},"10":{"name":"(anonymous_10)","decl":{"start":{"line":91,"column":18},"end":{"line":91,"column":19}},"loc":{"start":{"line":91,"column":32},"end":{"line":97,"column":3}},"line":91},"11":{"name":"(anonymous_11)","decl":{"start":{"line":92,"column":37},"end":{"line":92,"column":38}},"loc":{"start":{"line":93,"column":6},"end":{"line":93,"column":62}},"line":93},"12":{"name":"(anonymous_12)","decl":{"start":{"line":99,"column":24},"end":{"line":99,"column":25}},"loc":{"start":{"line":99,"column":30},"end":{"line":99,"column":87}},"line":99},"13":{"name":"(anonymous_13)","decl":{"start":{"line":99,"column":54},"end":{"line":99,"column":55}},"loc":{"start":{"line":99,"column":59},"end":{"line":99,"column":86}},"line":99},"14":{"name":"(anonymous_14)","decl":{"start":{"line":101,"column":11},"end":{"line":101,"column":12}},"loc":{"start":{"line":101,"column":25},"end":{"line":113,"column":3}},"line":101},"15":{"name":"(anonymous_15)","decl":{"start":{"line":102,"column":37},"end":{"line":102,"column":38}},"loc":{"start":{"line":102,"column":42},"end":{"line":102,"column":53}},"line":102},"16":{"name":"(anonymous_16)","decl":{"start":{"line":103,"column":40},"end":{"line":103,"column":41}},"loc":{"start":{"line":103,"column":45},"end":{"line":103,"column":56}},"line":103},"17":{"name":"(anonymous_17)","decl":{"start":{"line":115,"column":15},"end":{"line":115,"column":16}},"loc":{"start":{"line":115,"column":30},"end":{"line":120,"column":3}},"line":115},"18":{"name":"(anonymous_18)","decl":{"start":{"line":117,"column":40},"end":{"line":117,"column":41}},"loc":{"start":{"line":117,"column":45},"end":{"line":117,"column":61}},"line":117},"19":{"name":"(anonymous_19)","decl":{"start":{"line":122,"column":8},"end":{"line":122,"column":9}},"loc":{"start":{"line":122,"column":14},"end":{"line":122,"column":37}},"line":122},"20":{"name":"(anonymous_20)","decl":{"start":{"line":124,"column":9},"end":{"line":124,"column":10}},"loc":{"start":{"line":124,"column":21},"end":{"line":127,"column":3}},"line":124},"21":{"name":"(anonymous_21)","decl":{"start":{"line":129,"column":15},"end":{"line":129,"column":16}},"loc":{"start":{"line":129,"column":41},"end":{"line":133,"column":3}},"line":129},"22":{"name":"(anonymous_22)","decl":{"start":{"line":130,"column":40},"end":{"line":130,"column":41}},"loc":{"start":{"line":130,"column":45},"end":{"line":130,"column":70}},"line":130}},"branchMap":{"0":{"loc":{"start":{"line":40,"column":6},"end":{"line":42,"column":7}},"type":"if","locations":[{"start":{"line":40,"column":6},"end":{"line":42,"column":7}},{"start":{},"end":{}}],"line":40},"1":{"loc":{"start":{"line":73,"column":45},"end":{"line":73,"column":75}},"type":"binary-expr","locations":[{"start":{"line":73,"column":45},"end":{"line":73,"column":56}},{"start":{"line":73,"column":60},"end":{"line":73,"column":75}}],"line":73},"2":{"loc":{"start":{"line":80,"column":45},"end":{"line":80,"column":99}},"type":"binary-expr","locations":[{"start":{"line":80,"column":45},"end":{"line":80,"column":61}},{"start":{"line":80,"column":65},"end":{"line":80,"column":99}}],"line":80},"3":{"loc":{"start":{"line":80,"column":67},"end":{"line":80,"column":98}},"type":"binary-expr","locations":[{"start":{"line":80,"column":67},"end":{"line":80,"column":75}},{"start":{"line":80,"column":79},"end":{"line":80,"column":98}}],"line":80},"4":{"loc":{"start":{"line":93,"column":6},"end":{"line":93,"column":62}},"type":"cond-expr","locations":[{"start":{"line":93,"column":20},"end":{"line":93,"column":58}},{"start":{"line":93,"column":61},"end":{"line":93,"column":62}}],"line":93},"5":{"loc":{"start":{"line":129,"column":22},"end":{"line":129,"column":36}},"type":"default-arg","locations":[{"start":{"line":129,"column":35},"end":{"line":129,"column":36}}],"line":129}},"s":{"0":6,"1":59,"2":59,"3":0,"4":6,"5":6,"6":1,"7":1,"8":1,"9":1,"10":0,"11":1,"12":28,"13":28,"14":28,"15":28,"16":28,"17":28,"18":28,"19":1,"20":1,"21":1,"22":1,"23":1,"24":1,"25":2,"26":1,"27":1,"28":1,"29":3,"30":1,"31":1,"32":7,"33":12,"34":7,"35":7,"36":6,"37":4,"38":1,"39":1,"40":1,"41":1,"42":1,"43":1,"44":1,"45":0,"46":0,"47":0,"48":0,"49":0,"50":7,"51":20,"52":20,"53":0,"54":0,"55":0,"56":0},"f":{"0":59,"1":6,"2":1,"3":28,"4":1,"5":1,"6":1,"7":2,"8":1,"9":3,"10":7,"11":12,"12":6,"13":4,"14":1,"15":1,"16":1,"17":0,"18":0,"19":7,"20":20,"21":0,"22":0},"b":{"0":[1,0],"1":[1,0],"2":[2,0],"3":[0,0],"4":[7,5],"5":[0]},"_coverageSchema":"1a1c01bbd47fc00a2c39e90264f33305004495a9","hash":"e9d0d49f251cf8c4cd082396ec7da9536ebc9644"}
,"E:\\her_care\\mobile\\src\\validation\\auth.ts": {"path":"E:\\her_care\\mobile\\src\\validation\\auth.ts","statementMap":{"0":{"start":{"line":3,"column":27},"end":{"line":6,"column":81}},"1":{"start":{"line":8,"column":25},"end":{"line":8,"column":80}},"2":{"start":{"line":10,"column":27},"end":{"line":10,"column":68}},"3":{"start":{"line":14,"column":30},"end":{"line":19,"column":81}},"4":{"start":{"line":22,"column":35},"end":{"line":22,"column":73}},"5":{"start":{"line":24,"column":33},"end":{"line":24,"column":82}},"6":{"start":{"line":26,"column":36},"end":{"line":28,"column":2}},"7":{"start":{"line":31,"column":35},"end":{"line":34,"column":2}},"8":{"start":{"line":37,"column":34},"end":{"line":41,"column":2}},"9":{"start":{"line":44,"column":31},"end":{"line":47,"column":2}}},"fnMap":{},"branchMap":{},"s":{"0":1,"1":1,"2":1,"3":1,"4":1,"5":1,"6":1,"7":1,"8":1,"9":1},"f":{},"b":{},"_coverageSchema":"1a1c01bbd47fc00a2c39e90264f33305004495a9","hash":"60e32d290b5952221cd55c1dd3d2cc8874c033d6"}
,"E:\\her_care\\mobile\\src\\validation\\wellness.ts": {"path":"E:\\her_care\\mobile\\src\\validation\\wellness.ts","statementMap":{"0":{"start":{"line":3,"column":35},"end":{"line":7,"column":2}},"1":{"start":{"line":9,"column":29},"end":{"line":13,"column":2}}},"fnMap":{},"branchMap":{},"s":{"0":0,"1":0},"f":{},"b":{}}
}
