TN:
SF:src\services\safetySyncQueue.ts
FN:19,getQueue
FN:28,saveQueue
FN:32,enqueueSos
FN:48,enqueueResolve
FN:63,enqueueCancel
FN:78,syncQueue
FN:85,(anonymous_6)
FN:113,getQueueSize
FN:118,initSafetyQueueListener
FN:119,(anonymous_9)
FN:121,(anonymous_10)
FNF:11
FNH:0
FNDA:0,getQueue
FNDA:0,saveQueue
FNDA:0,enqueueSos
FNDA:0,enqueueResolve
FNDA:0,enqueueCancel
FNDA:0,syncQueue
FNDA:0,(anonymous_6)
FNDA:0,getQueueSize
FNDA:0,initSafetyQueueListener
FNDA:0,(anonymous_9)
FNDA:0,(anonymous_10)
DA:6,0
DA:20,0
DA:21,0
DA:22,0
DA:24,0
DA:29,0
DA:33,0
DA:42,0
DA:43,0
DA:44,0
DA:45,0
DA:49,0
DA:50,0
DA:60,0
DA:64,0
DA:65,0
DA:75,0
DA:79,0
DA:80,0
DA:82,0
DA:83,0
DA:85,0
DA:86,0
DA:87,0
DA:90,0
DA:91,0
DA:92,0
DA:93,0
DA:94,0
DA:95,0
DA:96,0
DA:97,0
DA:98,0
DA:100,0
DA:102,0
DA:103,0
DA:104,0
DA:106,0
DA:110,0
DA:114,0
DA:115,0
DA:119,0
DA:120,0
DA:121,0
DA:124,0
LF:45
LH:0
BRDA:22,0,0,0
BRDA:22,0,1,0
BRDA:80,1,0,0
BRDA:80,1,1,0
BRDA:83,2,0,0
BRDA:83,2,1,0
BRDA:93,3,0,0
BRDA:93,3,1,0
BRDA:95,4,0,0
BRDA:95,4,1,0
BRDA:95,5,0,0
BRDA:95,5,1,0
BRDA:97,6,0,0
BRDA:97,6,1,0
BRDA:97,7,0,0
BRDA:97,7,1,0
BRDA:103,8,0,0
BRDA:103,8,1,0
BRDA:120,9,0,0
BRDA:120,9,1,0
BRF:20
BRH:0
end_of_record
TN:
SF:src\services\ml\heuristicScorer.ts
FN:4,(anonymous_0)
FN:18,(anonymous_1)
FN:22,(anonymous_2)
FN:23,(anonymous_3)
FN:27,(anonymous_4)
FN:34,(anonymous_5)
FN:47,(anonymous_6)
FN:47,(anonymous_7)
FN:48,(anonymous_8)
FN:51,(anonymous_9)
FN:55,(anonymous_10)
FN:57,(anonymous_11)
FN:59,(anonymous_12)
FNF:13
FNH:13
FNDA:8,(anonymous_0)
FNDA:16,(anonymous_1)
FNDA:112,(anonymous_2)
FNDA:112,(anonymous_3)
FNDA:8,(anonymous_4)
FNDA:8,(anonymous_5)
FNDA:64,(anonymous_6)
FNDA:207,(anonymous_7)
FNDA:2,(anonymous_8)
FNDA:8,(anonymous_9)
FNDA:43,(anonymous_10)
FNDA:44,(anonymous_11)
FNDA:52,(anonymous_12)
DA:5,8
DA:6,8
DA:7,8
DA:8,8
DA:9,8
DA:19,16
DA:20,16
DA:21,16
DA:22,112
DA:23,112
DA:24,16
DA:28,8
DA:29,8
DA:30,7
DA:31,5
DA:35,8
DA:45,8
DA:46,8
DA:47,207
DA:48,2
DA:52,8
DA:53,8
DA:55,43
DA:57,44
DA:59,52
DA:64,1
LF:26
LH:26
BRDA:29,0,0,1
BRDA:29,0,1,7
BRDA:30,1,0,2
BRDA:30,1,1,5
BRF:4
BRH:4
end_of_record
TN:
SF:src\services\ml\tokenizer.ts
FN:8,(anonymous_0)
FN:12,(anonymous_1)
FN:16,(anonymous_2)
FNF:3
FNH:3
FNDA:1,(anonymous_0)
FNDA:8,(anonymous_1)
FNDA:140,(anonymous_2)
DA:4,1
DA:5,1
DA:9,1
DA:13,8
DA:14,8
DA:15,8
DA:16,140
DA:17,8
DA:18,884
DA:20,8
DA:24,1
LF:11
LH:11
BRDA:16,0,0,140
BRDA:16,0,1,131
BRF:2
BRH:2
end_of_record
TN:
SF:src\services\ml\wellnessTypes.ts
FNF:0
FNH:0
DA:25,0
DA:39,0
LF:2
LH:0
BRF:0
BRH:0
end_of_record
TN:
SF:src\services\queries\cycle.ts
FN:17,useCycleEntries
FN:20,(anonymous_1)
FN:24,useCreateCycleEntry
FN:28,(anonymous_3)
FN:29,(anonymous_4)
FN:32,(anonymous_5)
FN:45,(anonymous_6)
FN:57,useUpdateCycleEntry
FN:61,(anonymous_8)
FN:63,(anonymous_9)
FN:66,(anonymous_10)
FN:77,(anonymous_11)
FN:79,(anonymous_12)
FN:88,useCyclePredictions
FN:91,(anonymous_14)
FN:95,useCycleCalendar
FN:98,(anonymous_16)
FN:102,useCycleAnalytics
FN:105,(anonymous_18)
FN:109,useLogCorrection
FN:113,(anonymous_20)
FN:119,(anonymous_21)
FN:124,(anonymous_22)
FN:135,(anonymous_23)
FN:146,useLogSnooze
FN:150,(anonymous_25)
FN:152,(anonymous_26)
FN:155,(anonymous_27)
FN:166,(anonymous_28)
FNF:29
FNH:20
FNDA:0,useCycleEntries
FNDA:0,(anonymous_1)
FNDA:6,useCreateCycleEntry
FNDA:3,(anonymous_3)
FNDA:1,(anonymous_4)
FNDA:2,(anonymous_5)
FNDA:1,(anonymous_6)
FNDA:6,useUpdateCycleEntry
FNDA:3,(anonymous_8)
FNDA:1,(anonymous_9)
FNDA:2,(anonymous_10)
FNDA:1,(anonymous_11)
FNDA:0,(anonymous_12)
FNDA:0,useCyclePredictions
FNDA:0,(anonymous_14)
FNDA:0,useCycleCalendar
FNDA:0,(anonymous_16)
FNDA:0,useCycleAnalytics
FNDA:0,(anonymous_18)
FNDA:6,useLogCorrection
FNDA:3,(anonymous_20)
FNDA:1,(anonymous_21)
FNDA:2,(anonymous_22)
FNDA:1,(anonymous_23)
FNDA:6,useLogSnooze
FNDA:3,(anonymous_25)
FNDA:1,(anonymous_26)
FNDA:2,(anonymous_27)
FNDA:1,(anonymous_28)
DA:9,1
DA:18,0
DA:20,0
DA:25,6
DA:26,6
DA:27,6
DA:28,3
DA:30,1
DA:33,2
DA:34,1
DA:35,1
DA:44,1
DA:45,1
DA:46,1
DA:47,0
DA:48,0
DA:51,1
DA:58,6
DA:59,6
DA:60,6
DA:62,3
DA:64,1
DA:67,2
DA:68,1
DA:76,1
DA:77,1
DA:78,1
DA:79,0
DA:82,1
DA:89,0
DA:91,0
DA:96,0
DA:98,0
DA:103,0
DA:105,0
DA:110,6
DA:111,6
DA:112,6
DA:118,3
DA:120,1
DA:121,1
DA:122,1
DA:125,2
DA:126,1
DA:134,1
DA:135,1
DA:136,1
DA:137,0
DA:140,1
DA:147,6
DA:148,6
DA:149,6
DA:151,3
DA:153,1
DA:156,2
DA:157,1
DA:165,1
DA:166,1
DA:167,1
DA:168,0
DA:171,1
LF:61
LH:48
BRDA:33,0,0,1
BRDA:33,0,1,1
BRDA:46,1,0,1
BRDA:46,1,1,0
BRDA:47,2,0,0
BRDA:47,2,1,0
BRDA:51,3,0,0
BRDA:51,3,1,1
BRDA:67,4,0,1
BRDA:67,4,1,1
BRDA:78,5,0,1
BRDA:78,5,1,0
BRDA:79,6,0,0
BRDA:79,6,1,0
BRDA:82,7,0,0
BRDA:82,7,1,1
BRDA:95,8,0,0
BRDA:95,9,0,0
BRDA:125,10,0,1
BRDA:125,10,1,1
BRDA:136,11,0,1
BRDA:136,11,1,0
BRDA:140,12,0,0
BRDA:140,12,1,1
BRDA:156,13,0,1
BRDA:156,13,1,1
BRDA:167,14,0,1
BRDA:167,14,1,0
BRDA:171,15,0,0
BRDA:171,15,1,1
BRF:30
BRH:16
end_of_record
TN:
SF:src\services\queries\index.ts
FNF:0
FNH:0
LF:0
LH:0
BRF:0
BRH:0
end_of_record
TN:
SF:src\services\queries\offlineMutationWrapper.ts
FN:13,sanitizeData
FN:28,addOfflineBreadcrumb
FNF:2
FNH:0
FNDA:0,sanitizeData
FNDA:0,addOfflineBreadcrumb
DA:3,0
DA:14,0
DA:15,0
DA:16,0
DA:17,0
DA:18,0
DA:19,0
DA:20,0
DA:22,0
DA:25,0
DA:29,0
LF:11
LH:0
BRDA:14,0,0,0
BRDA:14,0,1,0
BRDA:17,1,0,0
BRDA:17,1,1,0
BRDA:19,2,0,0
BRDA:19,2,1,0
BRDA:19,3,0,0
BRDA:19,3,1,0
BRF:8
BRH:0
end_of_record
TN:
SF:src\services\queries\safety.ts
FN:21,useEmergencyContacts
FN:24,(anonymous_1)
FN:28,useCreateEmergencyContact
FN:32,(anonymous_3)
FN:33,(anonymous_4)
FN:36,(anonymous_5)
FN:49,(anonymous_6)
FN:61,useUpdateEmergencyContact
FN:65,(anonymous_8)
FN:67,(anonymous_9)
FN:70,(anonymous_10)
FN:81,(anonymous_11)
FN:83,(anonymous_12)
FN:92,useDeleteEmergencyContact
FN:96,(anonymous_14)
FN:97,(anonymous_15)
FN:100,(anonymous_16)
FN:111,(anonymous_17)
FN:113,(anonymous_18)
FN:122,useTriggerSos
FN:126,(anonymous_20)
FN:128,(anonymous_21)
FN:132,(anonymous_22)
FN:143,(anonymous_23)
FN:157,useActiveSos
FN:160,(anonymous_25)
FN:165,useSosHistory
FN:168,(anonymous_27)
FN:172,useCancelSos
FN:176,(anonymous_29)
FN:177,(anonymous_30)
FN:181,(anonymous_31)
FN:192,(anonymous_32)
FN:200,useResolveSos
FN:204,(anonymous_34)
FN:205,(anonymous_35)
FN:209,(anonymous_36)
FN:220,(anonymous_37)
FNF:38
FNH:25
FNDA:0,useEmergencyContacts
FNDA:0,(anonymous_1)
FNDA:6,useCreateEmergencyContact
FNDA:3,(anonymous_3)
FNDA:1,(anonymous_4)
FNDA:2,(anonymous_5)
FNDA:1,(anonymous_6)
FNDA:2,useUpdateEmergencyContact
FNDA:1,(anonymous_8)
FNDA:0,(anonymous_9)
FNDA:1,(anonymous_10)
FNDA:1,(anonymous_11)
FNDA:0,(anonymous_12)
FNDA:2,useDeleteEmergencyContact
FNDA:1,(anonymous_14)
FNDA:0,(anonymous_15)
FNDA:1,(anonymous_16)
FNDA:1,(anonymous_17)
FNDA:0,(anonymous_18)
FNDA:2,useTriggerSos
FNDA:1,(anonymous_20)
FNDA:0,(anonymous_21)
FNDA:1,(anonymous_22)
FNDA:1,(anonymous_23)
FNDA:0,useActiveSos
FNDA:0,(anonymous_25)
FNDA:0,useSosHistory
FNDA:0,(anonymous_27)
FNDA:2,useCancelSos
FNDA:1,(anonymous_29)
FNDA:0,(anonymous_30)
FNDA:1,(anonymous_31)
FNDA:1,(anonymous_32)
FNDA:2,useResolveSos
FNDA:1,(anonymous_34)
FNDA:0,(anonymous_35)
FNDA:1,(anonymous_36)
FNDA:1,(anonymous_37)
DA:14,1
DA:22,0
DA:24,0
DA:29,6
DA:30,6
DA:31,6
DA:32,3
DA:34,1
DA:37,2
DA:38,1
DA:39,1
DA:48,1
DA:49,1
DA:50,1
DA:51,0
DA:52,0
DA:55,1
DA:62,2
DA:63,2
DA:64,2
DA:66,1
DA:68,0
DA:71,1
DA:72,1
DA:80,1
DA:81,1
DA:82,1
DA:83,0
DA:86,0
DA:93,2
DA:94,2
DA:95,2
DA:96,1
DA:98,0
DA:101,1
DA:102,1
DA:110,1
DA:111,1
DA:112,1
DA:113,0
DA:116,0
DA:123,2
DA:124,2
DA:125,2
DA:127,1
DA:129,0
DA:130,0
DA:133,1
DA:134,1
DA:142,1
DA:143,1
DA:151,0
DA:158,0
DA:160,0
DA:166,0
DA:168,0
DA:173,2
DA:174,2
DA:175,2
DA:176,1
DA:178,0
DA:179,0
DA:182,1
DA:183,1
DA:191,1
DA:192,1
DA:194,0
DA:201,2
DA:202,2
DA:203,2
DA:204,1
DA:206,0
DA:207,0
DA:210,1
DA:211,1
DA:219,1
DA:220,1
DA:222,0
LF:78
LH:55
BRDA:37,0,0,1
BRDA:37,0,1,1
BRDA:50,1,0,1
BRDA:50,1,1,0
BRDA:51,2,0,0
BRDA:51,2,1,0
BRDA:55,3,0,0
BRDA:55,3,1,1
BRDA:71,4,0,1
BRDA:71,4,1,0
BRDA:82,5,0,1
BRDA:82,5,1,0
BRDA:83,6,0,0
BRDA:83,6,1,0
BRDA:86,7,0,0
BRDA:86,7,1,0
BRDA:101,8,0,1
BRDA:101,8,1,0
BRDA:112,9,0,1
BRDA:112,9,1,0
BRDA:116,10,0,0
BRDA:116,10,1,0
BRDA:133,11,0,1
BRDA:133,11,1,0
BRDA:151,12,0,0
BRDA:151,12,1,0
BRDA:182,13,0,1
BRDA:182,13,1,0
BRDA:194,14,0,0
BRDA:194,14,1,0
BRDA:210,15,0,1
BRDA:210,15,1,0
BRDA:222,16,0,0
BRDA:222,16,1,0
BRF:34
BRH:11
end_of_record
TN:
SF:src\services\queries\useNetworkAwareQuery.ts
FN:16,useNetworkAwareQuery
FNF:1
FNH:0
FNDA:0,useNetworkAwareQuery
DA:19,0
DA:20,0
DA:22,0
DA:23,0
DA:25,0
LF:5
LH:0
BRDA:23,0,0,0
BRDA:23,0,1,0
BRDA:23,0,2,0
BRDA:30,1,0,0
BRDA:30,1,1,0
BRDA:30,2,0,0
BRDA:30,2,1,0
BRF:7
BRH:0
end_of_record
TN:
SF:src\services\queries\wellness.ts
FN:21,useJournalEntries
FN:24,(anonymous_1)
FN:28,useCreateJournalEntry
FN:32,(anonymous_3)
FN:33,(anonymous_4)
FN:36,(anonymous_5)
FN:49,(anonymous_6)
FN:61,useMoodLogs
FN:64,(anonymous_8)
FN:68,useCreateMoodLog
FN:72,(anonymous_10)
FN:73,(anonymous_11)
FN:76,(anonymous_12)
FN:89,(anonymous_13)
FN:101,useBreathingExercises
FN:104,(anonymous_15)
FN:108,useCompleteBreathingSession
FN:112,(anonymous_17)
FN:113,(anonymous_18)
FN:116,(anonymous_19)
FN:127,(anonymous_20)
FN:129,(anonymous_21)
FN:138,useInsights
FN:141,(anonymous_23)
FNF:24
FNH:15
FNDA:0,useJournalEntries
FNDA:0,(anonymous_1)
FNDA:6,useCreateJournalEntry
FNDA:3,(anonymous_3)
FNDA:1,(anonymous_4)
FNDA:2,(anonymous_5)
FNDA:1,(anonymous_6)
FNDA:0,useMoodLogs
FNDA:0,(anonymous_8)
FNDA:6,useCreateMoodLog
FNDA:3,(anonymous_10)
FNDA:1,(anonymous_11)
FNDA:2,(anonymous_12)
FNDA:1,(anonymous_13)
FNDA:0,useBreathingExercises
FNDA:0,(anonymous_15)
FNDA:4,useCompleteBreathingSession
FNDA:2,(anonymous_17)
FNDA:1,(anonymous_18)
FNDA:1,(anonymous_19)
FNDA:1,(anonymous_20)
FNDA:0,(anonymous_21)
FNDA:0,useInsights
FNDA:0,(anonymous_23)
DA:13,1
DA:22,0
DA:24,0
DA:29,6
DA:30,6
DA:31,6
DA:32,3
DA:34,1
DA:37,2
DA:38,1
DA:39,1
DA:48,1
DA:49,1
DA:50,1
DA:51,0
DA:52,0
DA:55,1
DA:62,0
DA:64,0
DA:69,6
DA:70,6
DA:71,6
DA:72,3
DA:74,1
DA:77,2
DA:78,1
DA:79,1
DA:88,1
DA:89,1
DA:90,1
DA:91,0
DA:92,0
DA:95,1
DA:102,0
DA:104,0
DA:109,4
DA:110,4
DA:111,4
DA:112,2
DA:114,1
DA:117,1
DA:118,1
DA:126,1
DA:127,1
DA:128,1
DA:129,0
DA:132,0
DA:139,0
DA:141,0
LF:49
LH:35
BRDA:37,0,0,1
BRDA:37,0,1,1
BRDA:50,1,0,1
BRDA:50,1,1,0
BRDA:51,2,0,0
BRDA:51,2,1,0
BRDA:55,3,0,0
BRDA:55,3,1,1
BRDA:77,4,0,1
BRDA:77,4,1,1
BRDA:90,5,0,1
BRDA:90,5,1,0
BRDA:91,6,0,0
BRDA:91,6,1,0
BRDA:95,7,0,0
BRDA:95,7,1,1
BRDA:117,8,0,1
BRDA:117,8,1,0
BRDA:128,9,0,1
BRDA:128,9,1,0
BRDA:129,10,0,0
BRDA:129,10,1,0
BRDA:132,11,0,0
BRDA:132,11,1,0
BRF:24
BRH:10
end_of_record
TN:
SF:src\services\sync\index.ts
FNF:0
FNH:0
LF:0
LH:0
BRF:0
BRH:0
end_of_record
TN:
SF:src\services\sync\isNetworkError.ts
FN:3,isNetworkError
FNF:1
FNH:1
FNDA:26,isNetworkError
DA:4,26
DA:5,4
DA:6,3
DA:7,2
DA:9,22
DA:10,14
DA:12,8
LF:7
LH:7
BRDA:4,0,0,4
BRDA:4,0,1,22
BRDA:5,1,0,1
BRDA:5,1,1,3
BRDA:6,2,0,1
BRDA:6,2,1,2
BRDA:9,3,0,14
BRDA:9,3,1,8
BRDA:9,4,0,22
BRDA:9,4,1,14
BRF:10
BRH:10
end_of_record
TN:
SF:src\services\sync\queryKeyMapper.ts
FN:16,inferBaseQueryKey
FN:20,inferQueryKey
FNF:2
FNH:0
FNDA:0,inferBaseQueryKey
FNDA:0,inferQueryKey
DA:1,3
DA:17,0
DA:21,0
DA:22,0
DA:23,0
LF:5
LH:1
BRDA:17,0,0,0
BRDA:17,0,1,0
BRDA:22,1,0,0
BRDA:22,1,1,0
BRF:4
BRH:0
end_of_record
TN:
SF:src\services\sync\syncEngine.ts
FN:16,setQueryClient
FN:20,isRetryableError
FN:29,pushOperations
FN:39,(anonymous_3)
FN:52,(anonymous_4)
FN:85,(anonymous_5)
FN:88,(anonymous_6)
FN:151,pullServerData
FN:180,getRetryableOps
FN:200,syncAll
FN:270,(anonymous_10)
FNF:11
FNH:7
FNDA:1,setQueryClient
FNDA:1,isRetryableError
FNDA:3,pushOperations
FNDA:2,(anonymous_3)
FNDA:0,(anonymous_4)
FNDA:0,(anonymous_5)
FNDA:0,(anonymous_6)
FNDA:8,pullServerData
FNDA:5,getRetryableOps
FNDA:7,syncAll
FNDA:0,(anonymous_10)
DA:13,4
DA:14,4
DA:17,1
DA:21,1
DA:22,1
DA:23,1
DA:24,0
DA:27,4
DA:30,3
DA:32,2
DA:33,2
DA:34,0
DA:35,0
DA:38,2
DA:39,2
DA:47,2
DA:48,2
DA:50,2
DA:51,0
DA:53,0
DA:54,0
DA:57,0
DA:60,2
DA:61,2
DA:62,1
DA:64,1
DA:65,1
DA:66,1
DA:68,1
DA:69,0
DA:71,0
DA:72,0
DA:73,0
DA:75,0
DA:76,0
DA:77,0
DA:78,0
DA:79,0
DA:80,0
DA:81,0
DA:82,0
DA:83,0
DA:84,0
DA:85,0
DA:86,0
DA:87,0
DA:88,0
DA:89,0
DA:94,0
DA:97,0
DA:98,0
DA:102,0
DA:104,0
DA:109,0
DA:110,0
DA:111,0
DA:112,0
DA:114,0
DA:117,0
DA:121,1
DA:122,0
DA:125,1
DA:126,0
DA:127,0
DA:128,0
DA:131,0
DA:135,1
DA:136,1
DA:137,0
DA:138,0
DA:139,0
DA:140,0
DA:144,1
DA:145,1
DA:152,8
DA:153,8
DA:154,8
DA:157,8
DA:158,8
DA:160,8
DA:161,8
DA:162,7
DA:164,7
DA:165,1
DA:166,1
DA:168,1
DA:169,1
DA:173,7
DA:175,1
DA:176,1
DA:181,5
DA:182,5
DA:184,5
DA:185,2
DA:186,0
DA:188,2
DA:192,5
DA:193,0
DA:194,0
DA:197,5
DA:201,7
DA:202,1
DA:203,1
DA:206,6
DA:207,6
DA:208,1
DA:209,1
DA:212,5
DA:214,5
DA:215,5
DA:216,5
DA:217,5
DA:219,5
DA:225,5
DA:226,5
DA:228,5
DA:229,5
DA:230,5
DA:232,5
DA:233,2
DA:237,2
DA:238,2
DA:241,5
DA:242,5
DA:243,0
DA:246,5
DA:247,5
DA:249,5
DA:259,5
DA:260,5
DA:262,0
DA:264,0
DA:270,0
DA:279,0
DA:287,0
DA:288,0
DA:290,5
DA:291,5
LF:138
LH:82
BRDA:23,0,0,1
BRDA:23,0,1,0
BRDA:24,1,0,0
BRDA:24,1,1,0
BRDA:24,1,2,0
BRDA:30,2,0,1
BRDA:30,2,1,2
BRDA:33,3,0,0
BRDA:33,3,1,2
BRDA:50,4,0,0
BRDA:50,4,1,2
BRDA:53,5,0,0
BRDA:53,5,1,0
BRDA:69,6,0,0
BRDA:69,6,1,0
BRDA:73,7,0,0
BRDA:73,7,1,0
BRDA:75,8,0,0
BRDA:75,8,1,0
BRDA:75,9,0,0
BRDA:75,9,1,0
BRDA:75,9,2,0
BRDA:76,10,0,0
BRDA:76,10,1,0
BRDA:77,11,0,0
BRDA:77,11,1,0
BRDA:79,12,0,0
BRDA:79,12,1,0
BRDA:80,13,0,0
BRDA:80,13,1,0
BRDA:80,14,0,0
BRDA:80,14,1,0
BRDA:80,14,2,0
BRDA:84,15,0,0
BRDA:84,15,1,0
BRDA:86,16,0,0
BRDA:86,16,1,0
BRDA:87,17,0,0
BRDA:87,17,1,0
BRDA:89,18,0,0
BRDA:89,18,1,0
BRDA:89,19,0,0
BRDA:89,19,1,0
BRDA:97,20,0,0
BRDA:97,20,1,0
BRDA:102,21,0,0
BRDA:102,21,1,0
BRDA:104,22,0,0
BRDA:104,22,1,0
BRDA:104,22,2,0
BRDA:104,22,3,0
BRDA:104,22,4,0
BRDA:104,22,5,0
BRDA:109,23,0,0
BRDA:109,23,1,0
BRDA:111,24,0,0
BRDA:111,24,1,0
BRDA:111,25,0,0
BRDA:111,25,1,0
BRDA:121,26,0,0
BRDA:121,26,1,1
BRDA:126,27,0,0
BRDA:126,27,1,0
BRDA:127,28,0,0
BRDA:127,28,1,0
BRDA:136,29,0,0
BRDA:136,29,1,1
BRDA:139,30,0,0
BRDA:139,30,1,0
BRDA:139,31,0,0
BRDA:139,31,1,0
BRDA:158,32,0,0
BRDA:158,32,1,8
BRDA:164,33,0,1
BRDA:164,33,1,6
BRDA:168,34,0,1
BRDA:168,34,1,0
BRDA:173,35,0,1
BRDA:173,35,1,6
BRDA:185,36,0,0
BRDA:185,36,1,2
BRDA:192,37,0,0
BRDA:192,37,1,5
BRDA:201,38,0,1
BRDA:201,38,1,6
BRDA:207,39,0,1
BRDA:207,39,1,5
BRDA:232,40,0,2
BRDA:232,40,1,3
BRDA:242,41,0,0
BRDA:242,41,1,5
BRDA:266,42,0,0
BRDA:266,42,1,0
BRDA:283,43,0,0
BRDA:283,43,1,0
BRF:95
BRH:22
end_of_record
TN:
SF:src\services\sync\types.ts
FNF:0
FNH:0
LF:0
LH:0
BRF:0
BRH:0
end_of_record
TN:
SF:src\services\sync\useNetworkStatus.ts
FN:9,useNetworkStatus
FN:15,(anonymous_1)
FN:20,(anonymous_2)
FN:29,(anonymous_3)
FN:32,(anonymous_4)
FNF:5
FNH:0
FNDA:0,useNetworkStatus
FNDA:0,(anonymous_1)
FNDA:0,(anonymous_2)
FNDA:0,(anonymous_3)
FNDA:0,(anonymous_4)
DA:12,0
DA:13,0
DA:15,0
DA:20,0
DA:21,0
DA:22,0
DA:29,0
DA:30,0
DA:31,0
DA:32,0
DA:35,0
LF:11
LH:0
BRDA:12,0,0,0
BRDA:12,0,1,0
BRDA:13,1,0,0
BRDA:13,1,1,0
BRDA:16,2,0,0
BRDA:16,2,1,0
BRDA:17,3,0,0
BRDA:17,3,1,0
BRDA:21,4,0,0
BRDA:21,4,1,0
BRDA:23,5,0,0
BRDA:23,5,1,0
BRDA:30,6,0,0
BRDA:30,6,1,0
BRF:14
BRH:0
end_of_record
TN:
SF:src\stores\offlineStore.ts
FN:25,persist
FN:33,(anonymous_1)
FN:37,(anonymous_2)
FN:50,(anonymous_3)
FN:72,(anonymous_4)
FN:73,(anonymous_5)
FN:78,(anonymous_6)
FN:80,(anonymous_7)
FN:85,(anonymous_8)
FN:86,(anonymous_9)
FN:91,(anonymous_10)
FN:92,(anonymous_11)
FN:99,(anonymous_12)
FN:99,(anonymous_13)
FN:101,(anonymous_14)
FN:102,(anonymous_15)
FN:103,(anonymous_16)
FN:115,(anonymous_17)
FN:117,(anonymous_18)
FN:122,(anonymous_19)
FN:124,(anonymous_20)
FN:129,(anonymous_21)
FN:130,(anonymous_22)
FNF:23
FNH:19
FNDA:59,persist
FNDA:6,(anonymous_1)
FNDA:1,(anonymous_2)
FNDA:28,(anonymous_3)
FNDA:1,(anonymous_4)
FNDA:1,(anonymous_5)
FNDA:1,(anonymous_6)
FNDA:2,(anonymous_7)
FNDA:1,(anonymous_8)
FNDA:3,(anonymous_9)
FNDA:7,(anonymous_10)
FNDA:12,(anonymous_11)
FNDA:6,(anonymous_12)
FNDA:4,(anonymous_13)
FNDA:1,(anonymous_14)
FNDA:1,(anonymous_15)
FNDA:1,(anonymous_16)
FNDA:0,(anonymous_17)
FNDA:0,(anonymous_18)
FNDA:7,(anonymous_19)
FNDA:20,(anonymous_20)
FNDA:0,(anonymous_21)
FNDA:0,(anonymous_22)
DA:6,6
DA:26,59
DA:27,59
DA:29,0
DA:33,6
DA:38,1
DA:39,1
DA:40,1
DA:41,1
DA:44,0
DA:46,1
DA:51,28
DA:52,28
DA:59,28
DA:60,28
DA:61,28
DA:62,28
DA:69,28
DA:73,1
DA:74,1
DA:75,1
DA:79,1
DA:80,2
DA:81,1
DA:82,1
DA:86,3
DA:87,1
DA:88,1
DA:92,7
DA:93,12
DA:95,7
DA:96,7
DA:99,6
DA:102,1
DA:103,1
DA:104,1
DA:105,1
DA:106,1
DA:116,0
DA:117,0
DA:118,0
DA:119,0
DA:122,7
DA:125,20
DA:126,20
DA:130,0
DA:131,0
DA:132,0
LF:48
LH:39
BRDA:40,0,0,1
BRDA:40,0,1,0
BRDA:73,1,0,1
BRDA:73,1,1,0
BRDA:80,2,0,2
BRDA:80,2,1,0
BRDA:80,3,0,0
BRDA:80,3,1,0
BRDA:93,4,0,7
BRDA:93,4,1,5
BRDA:129,5,0,0
BRF:11
BRH:5
end_of_record
TN:
SF:src\validation\auth.ts
FNF:0
FNH:0
DA:3,1
DA:8,1
DA:10,1
DA:14,1
DA:22,1
DA:24,1
DA:26,1
DA:31,1
DA:37,1
DA:44,1
LF:10
LH:10
BRF:0
BRH:0
end_of_record
TN:
SF:src\validation\wellness.ts
FNF:0
FNH:0
DA:3,0
DA:9,0
LF:2
LH:0
BRF:0
BRH:0
end_of_record
